{"d3/js/AliTV.js":{"path":"d3/js/AliTV.js","s":{"1":1,"2":1,"3":201,"4":201,"5":201,"6":201,"7":201,"8":201,"9":201,"10":201,"11":201,"12":201,"13":201,"14":201,"15":11,"16":3,"17":8,"18":8,"19":4,"20":4,"21":4,"22":4,"23":2,"24":2,"25":2,"26":4,"27":2,"28":2,"29":2,"30":4,"31":2,"32":2,"33":2,"34":2,"35":2,"36":2,"37":2,"38":1,"39":6,"40":6,"41":1,"42":177,"43":177,"44":1,"45":174,"46":174,"47":7,"48":174,"49":28,"50":174,"51":22,"52":174,"53":28,"54":174,"55":170,"56":174,"57":1,"58":99,"59":99,"60":99,"61":99,"62":99,"63":99,"64":99,"65":99,"66":99,"67":99,"68":99,"69":99,"70":232,"71":232,"72":99,"73":259,"74":99,"75":99,"76":99,"77":232,"78":232,"79":232,"80":232,"81":4,"82":232,"83":232,"84":3,"85":229,"86":232,"87":232,"88":99,"89":232,"90":99,"91":259,"92":259,"93":259,"94":259,"95":259,"96":222,"97":222,"98":37,"99":37,"100":259,"101":259,"102":99,"103":1,"104":55,"105":55,"106":1,"107":54,"108":54,"109":54,"110":54,"111":54,"112":54,"113":125,"114":54,"115":61,"116":61,"117":61,"118":61,"119":61,"120":61,"121":61,"122":61,"123":61,"124":61,"125":61,"126":61,"127":61,"128":61,"129":61,"130":61,"131":61,"132":61,"133":61,"134":61,"135":61,"136":61,"137":61,"138":61,"139":61,"140":61,"141":1,"142":1,"143":1,"144":1,"145":1,"146":1,"147":1,"148":1,"149":1,"150":61,"151":61,"152":61,"153":61,"154":61,"155":61,"156":61,"157":61,"158":61,"159":61,"160":61,"161":61,"162":61,"163":9,"164":9,"165":9,"166":9,"167":9,"168":9,"169":9,"170":9,"171":9,"172":9,"173":9,"174":9,"175":9,"176":9,"177":52,"178":1,"179":1,"180":1,"181":1,"182":1,"183":1,"184":1,"185":1,"186":1,"187":1,"188":1,"189":1,"190":1,"191":1,"192":51,"193":1,"194":1,"195":1,"196":1,"197":1,"198":1,"199":1,"200":1,"201":1,"202":1,"203":1,"204":1,"205":1,"206":1,"207":50,"208":1,"209":1,"210":1,"211":1,"212":1,"213":1,"214":1,"215":1,"216":1,"217":1,"218":1,"219":1,"220":1,"221":1,"222":49,"223":54,"224":54,"225":1,"226":45,"227":1,"228":0,"229":45,"230":45,"231":45,"232":99,"233":99,"234":26,"235":73,"236":99,"237":99,"238":99,"239":4,"240":1,"241":5,"242":5,"243":99,"244":1,"245":69,"246":69,"247":69,"248":69,"249":69,"250":1,"251":133,"252":133,"253":133,"254":133,"255":133,"256":1,"257":43,"258":43,"259":43,"260":89,"261":89,"262":89,"263":89,"264":89,"265":89,"266":1320,"267":1320,"268":1320,"269":1320,"270":1320,"271":1320,"272":1320,"273":124,"274":124,"275":1196,"276":1196,"277":1320,"278":43,"279":1,"280":40,"281":40,"282":40,"283":1230,"284":1230,"285":1230,"286":1230,"287":1,"288":38,"289":38,"290":38,"291":38,"292":38,"293":1180,"294":80,"295":80,"296":1180,"297":118,"298":118,"299":118,"300":118,"301":1180,"302":38,"303":38,"304":118,"305":118,"306":118,"307":38,"308":118,"309":118,"310":118,"311":1,"312":10,"313":10,"314":24,"315":1,"316":41,"317":41,"318":53,"319":106,"320":106,"321":53,"322":53,"323":53,"324":53,"325":41,"326":41,"327":53,"328":53,"329":53,"330":12,"331":1,"332":38,"333":38,"334":38,"335":38,"336":38,"337":38,"338":38,"339":38,"340":38,"341":38,"342":38,"343":38,"344":37,"345":38,"346":27,"347":27,"348":27,"349":38,"350":38,"351":38,"352":38,"353":38,"354":38,"355":6,"356":6,"357":38,"358":4,"359":38,"360":4,"361":38,"362":1,"363":38,"364":27,"365":27,"366":1,"367":38,"368":3,"369":38,"370":38,"371":0,"372":38,"373":1,"374":25,"375":25,"376":25,"377":25,"378":25,"379":65,"380":25,"381":65,"382":65,"383":65,"384":65,"385":65,"386":65,"387":5,"388":5,"389":5,"390":5,"391":65,"392":25,"393":1,"394":12,"395":12,"396":1,"397":11,"398":11,"399":11,"400":29,"401":11,"402":11,"403":11,"404":18,"405":18,"406":18,"407":18,"408":18,"409":18,"410":18,"411":18,"412":18,"413":18,"414":18,"415":18,"416":18,"417":11,"418":1,"419":9,"420":9,"421":9,"422":21,"423":21,"424":21,"425":21,"426":321,"427":321,"428":9,"429":1,"430":13,"431":13,"432":13,"433":13,"434":33,"435":4,"436":1,"437":1,"438":1,"439":1,"440":7,"441":7,"442":7,"443":257,"444":257,"445":257,"446":257,"447":1,"448":9,"449":9,"450":9,"451":14,"452":1,"453":6,"454":6,"455":6,"456":6,"457":6,"458":6,"459":6,"460":6,"461":6,"462":1,"463":5,"464":1,"465":8,"466":1,"467":7,"468":1,"469":6,"470":2,"471":4,"472":4,"473":4,"474":1,"475":176,"476":1,"477":8,"478":1,"479":7,"480":1,"481":6,"482":2,"483":4,"484":4,"485":4,"486":4,"487":1,"488":812,"489":1,"490":19,"491":1,"492":18,"493":1,"494":17,"495":2,"496":15,"497":15,"498":15,"499":15,"500":1,"501":909,"502":1,"503":20,"504":1,"505":19,"506":1,"507":18,"508":2,"509":16,"510":16,"511":16,"512":16,"513":1,"514":5,"515":5,"516":1,"517":8,"518":1,"519":7,"520":1,"521":6,"522":2,"523":4,"524":4,"525":4,"526":4,"527":1,"528":2,"529":1,"530":2,"531":1,"532":1,"533":1,"534":1,"535":1,"536":5,"537":1,"538":8,"539":1,"540":7,"541":1,"542":6,"543":2,"544":4,"545":4,"546":4,"547":4,"548":1,"549":541,"550":541,"551":1,"552":162,"553":162,"554":1,"555":5,"556":5,"557":1,"558":8,"559":1,"560":7,"561":1,"562":6,"563":2,"564":4,"565":4,"566":4,"567":4,"568":1,"569":9,"570":1,"571":8,"572":1,"573":7,"574":7,"575":1,"576":8,"577":1,"578":7,"579":1,"580":6,"581":6,"582":6,"583":1,"584":3,"585":3,"586":3,"587":3,"588":1,"589":3,"590":3,"591":1,"592":2,"593":2,"594":2,"595":2,"596":2,"597":2,"598":1,"599":3,"600":3,"601":3,"602":3,"603":3,"604":1,"605":3,"606":3,"607":1,"608":2,"609":2,"610":2,"611":2,"612":2,"613":2,"614":2,"615":2,"616":1,"617":169,"618":169,"619":4,"620":165,"621":4,"622":2,"623":4,"624":1,"625":6,"626":6,"627":6,"628":26,"629":21,"630":6,"631":1,"632":3,"633":3,"634":3,"635":3,"636":16,"637":16,"638":16,"639":44,"640":11,"641":3,"642":1,"643":101,"644":101,"645":101,"646":270,"647":101,"648":273,"649":270,"650":101,"651":1,"652":68,"653":68,"654":68,"655":68,"656":68,"657":1,"658":69,"659":69,"660":69,"661":69,"662":172,"663":69,"664":97,"665":97,"666":97,"667":96,"668":69,"669":1,"670":69,"671":69,"672":69,"673":69,"674":100,"675":100,"676":91,"677":69,"678":1,"679":68,"680":68,"681":68,"682":68,"683":68,"684":88,"685":88,"686":88,"687":88,"688":88,"689":88,"690":87,"691":68,"692":1,"693":70,"694":70,"695":70,"696":6,"697":12,"698":12,"699":12,"700":12,"701":12,"702":12,"703":64,"704":69,"705":74,"706":74,"707":70,"708":1,"709":7,"710":7,"711":7,"712":7,"713":7,"714":7,"715":0,"716":0,"717":0,"718":0,"719":0,"720":0,"721":0,"722":0,"723":0,"724":0,"725":1,"726":10,"727":3,"728":7,"729":1,"730":64,"731":64,"732":64,"733":124,"734":42,"735":82,"736":138,"737":138,"738":138,"739":138,"740":138,"741":138,"742":138,"743":138,"744":138,"745":138,"746":138,"747":359,"748":138,"749":138,"750":138,"751":138,"752":138,"753":77,"754":61,"755":61,"756":40,"757":40,"758":34,"759":34,"760":6,"761":3,"762":3,"763":3,"764":3,"765":3,"766":40,"767":40,"768":40,"769":40,"770":40,"771":0,"772":0,"773":0,"774":0,"775":40,"776":1,"777":1,"778":1,"779":1,"780":1,"781":39,"782":21,"783":21,"784":21,"785":21,"786":19,"787":19,"788":19,"789":1,"790":1,"791":1,"792":1,"793":1,"794":18,"795":1,"796":1,"797":1,"798":1,"799":1,"800":17,"801":1,"802":1,"803":1,"804":1,"805":1,"806":16,"807":1,"808":1,"809":1,"810":1,"811":1,"812":15,"813":2,"814":1,"815":1,"816":1,"817":21,"818":64,"819":1,"820":48,"821":48,"822":48,"823":48,"824":33,"825":29,"826":4,"827":48,"828":48,"829":48,"830":48,"831":48,"832":33,"833":29,"834":4,"835":23,"836":23,"837":6,"838":17,"839":23,"840":23,"841":5,"842":18,"843":23,"844":23,"845":23,"846":23,"847":23,"848":23,"849":19,"850":19,"851":3,"852":16,"853":3,"854":13,"855":13,"856":4,"857":4,"858":1,"859":3,"860":1,"861":2,"862":2,"863":23,"864":23,"865":0,"866":48,"867":70,"868":70,"869":48,"870":33,"871":29,"872":10,"873":10,"874":10,"875":3,"876":7,"877":10,"878":10,"879":10,"880":10,"881":10,"882":1,"883":9,"884":8,"885":1,"886":1,"887":10,"888":10,"889":0,"890":1,"891":30,"892":30,"893":30,"894":30,"895":64,"896":64,"897":30,"898":1,"899":28,"900":28,"901":28,"902":59,"903":59,"904":59,"905":28,"906":3,"907":1,"908":84,"909":1,"910":246,"911":1,"912":245,"913":1,"914":244,"915":2,"916":242,"917":242,"918":1,"919":241,"920":242,"921":1,"922":5,"923":1,"924":208,"925":1,"926":207,"927":1,"928":206,"929":2,"930":204,"931":204,"932":204,"933":1,"934":1,"935":1,"936":1,"937":1,"938":39,"939":1,"940":1,"941":1,"942":1,"943":1,"944":1,"945":1,"946":1,"947":1,"948":31,"949":31,"950":1,"951":3,"952":1,"953":2,"954":2,"955":2,"956":1,"957":33,"958":1,"959":7,"960":1,"961":6,"962":1,"963":5,"964":2,"965":3,"966":3,"967":3,"968":3,"969":1,"970":121,"971":1,"972":3,"973":1,"974":2,"975":2,"976":2,"977":1,"978":81,"979":1,"980":7,"981":1,"982":6,"983":1,"984":5,"985":2,"986":3,"987":3,"988":3,"989":3,"990":1,"991":7,"992":7,"993":7,"994":7,"995":7,"996":1,"997":3,"998":3,"999":8,"1000":3,"1001":3,"1002":1,"1003":1,"1004":1,"1005":1,"1006":1,"1007":1,"1008":172,"1009":172,"1010":478,"1011":172,"1012":172,"1013":1,"1014":45,"1015":45,"1016":45,"1017":45,"1018":45,"1019":45,"1020":45,"1021":1,"1022":5,"1023":5,"1024":5,"1025":5,"1026":5,"1027":5,"1028":5,"1029":1,"1030":3,"1031":3,"1032":5,"1033":3,"1034":3,"1035":1,"1036":1,"1037":1,"1038":1,"1039":1,"1040":1,"1041":455,"1042":455,"1043":71,"1044":71,"1045":71,"1046":71,"1047":455,"1048":1,"1049":273,"1050":273,"1051":25,"1052":25,"1053":273,"1054":1,"1055":56,"1056":56,"1057":56,"1058":56,"1059":79,"1060":79,"1061":6,"1062":79,"1063":2,"1064":79,"1065":76,"1066":56,"1067":1,"1068":9,"1069":9,"1070":9,"1071":9,"1072":8,"1073":9,"1074":18,"1075":18,"1076":16,"1077":18,"1078":18,"1079":9,"1080":9,"1081":9,"1082":9,"1083":9,"1084":9,"1085":9,"1086":9,"1087":1,"1088":1,"1089":1,"1090":1,"1091":1,"1092":1,"1093":1,"1094":1,"1095":1,"1096":1,"1097":1,"1098":2,"1099":1,"1100":1,"1101":1,"1102":4,"1103":4,"1104":4,"1105":4,"1106":1,"1107":1,"1108":1,"1109":1,"1110":3,"1111":1,"1112":1,"1113":2,"1114":2,"1115":4,"1116":4,"1117":1,"1118":7,"1119":7,"1120":7,"1121":1,"1122":5,"1123":5,"1124":5,"1125":5,"1126":5,"1127":3,"1128":3,"1129":5,"1130":2,"1131":2,"1132":2,"1133":2,"1134":4,"1135":5,"1136":1,"1137":1,"1138":4,"1139":1,"1140":1,"1141":3,"1142":3,"1143":3,"1144":5,"1145":5,"1146":1,"1147":4,"1148":1,"1149":6,"1150":1,"1151":5,"1152":1,"1153":4,"1154":4,"1155":1,"1156":2,"1157":1,"1158":9,"1159":5,"1160":4,"1161":1,"1162":930,"1163":2,"1164":928,"1165":6,"1166":1,"1167":1,"1168":1,"1169":1,"1170":1,"1171":1,"1172":1,"1173":1,"1174":1,"1175":1,"1176":12,"1177":1,"1178":11,"1179":110,"1180":110,"1181":148,"1182":49,"1183":49,"1184":99,"1185":99,"1186":99,"1187":110,"1188":11,"1189":11,"1190":11,"1191":11,"1192":11,"1193":11,"1194":36,"1195":36,"1196":24,"1197":24,"1198":33,"1199":33,"1200":45,"1201":0,"1202":45,"1203":25,"1204":25,"1205":25,"1206":25,"1207":25,"1208":23,"1209":23,"1210":31,"1211":8,"1212":14,"1213":26,"1214":26,"1215":11,"1216":3,"1217":1,"1218":39,"1219":39,"1220":39,"1221":39,"1222":39,"1223":39,"1224":157,"1225":156,"1226":1,"1227":1,"1228":1,"1229":0,"1230":0,"1231":0,"1232":39,"1233":39,"1234":39,"1235":39,"1236":39,"1237":39,"1238":39,"1239":39,"1240":0,"1241":0,"1242":39,"1243":39,"1244":0,"1245":0,"1246":0,"1247":0,"1248":1,"1249":39,"1250":39,"1251":39,"1252":39,"1253":39,"1254":39,"1255":39,"1256":39,"1257":39,"1258":39,"1259":39,"1260":39,"1261":39,"1262":1,"1263":2,"1264":2,"1265":1,"1266":2,"1267":2,"1268":1,"1269":2,"1270":2,"1271":1,"1272":2,"1273":2,"1274":1,"1275":41,"1276":41,"1277":41,"1278":16,"1279":16,"1280":13,"1281":8,"1282":8,"1283":13,"1284":5,"1285":5,"1286":3,"1287":3,"1288":16,"1289":41,"1290":1,"1291":40,"1292":40,"1293":40,"1294":12,"1295":12,"1296":12,"1297":40,"1298":29,"1299":40,"1300":3,"1301":1,"1302":46,"1303":46,"1304":1,"1305":5,"1306":2,"1307":3,"1308":2,"1309":1},"b":{"1":[3,8],"2":[11,10],"3":[4,0],"4":[2,2],"5":[4,2],"6":[2,2],"7":[4,2],"8":[2,0],"9":[2,0],"10":[7,167],"11":[28,146],"12":[22,152],"13":[28,146],"14":[170,4],"15":[232,222],"16":[4,228],"17":[232,226],"18":[3,229],"19":[232,226],"20":[222,37],"21":[1,54],"22":[1,60],"23":[23,38],"24":[25,36],"25":[0,61],"26":[61,1,0],"27":[0,61],"28":[61,0],"29":[0,0],"30":[0,61],"31":[61,0,0],"32":[0,61],"33":[61,0],"34":[0,0],"35":[9,52],"36":[61,60,28,56,55,32],"37":[0,9],"38":[0,9],"39":[9,0],"40":[0,0],"41":[0,9],"42":[1,51],"43":[52,50,1,51,49,49],"44":[0,1],"45":[0,1],"46":[0,1],"47":[1,0],"48":[0,0],"49":[1,50],"50":[51,1,1,50,0,0],"51":[0,1],"52":[1,0],"53":[0,0],"54":[1,49],"55":[50,2,1,49,1,1],"56":[0,1],"57":[1,0],"58":[0,0],"59":[26,73],"60":[21,68],"61":[124,1196],"62":[1320,132],"63":[80,1100],"64":[118,1062],"65":[24,19],"66":[12,41],"67":[37,1],"68":[27,11],"69":[38,0],"70":[6,32],"71":[38,6],"72":[4,34],"73":[38,6],"74":[4,34],"75":[38,6],"76":[1,37],"77":[38,6,2],"78":[27,11],"79":[1,26],"80":[27,4],"81":[3,35],"82":[38,27,4],"83":[0,38],"84":[5,60],"85":[1,11],"86":[1,7],"87":[1,6],"88":[2,4],"89":[1,7],"90":[1,6],"91":[2,4],"92":[1,18],"93":[1,17],"94":[2,15],"95":[1,19],"96":[1,18],"97":[2,16],"98":[1,7],"99":[1,6],"100":[2,4],"101":[1,1],"102":[1,7],"103":[1,6],"104":[2,4],"105":[1,7],"106":[1,6],"107":[2,4],"108":[1,8],"109":[1,7],"110":[1,7],"111":[1,6],"112":[1,2],"113":[1,2],"114":[4,165],"115":[2,2],"116":[21,5],"117":[11,33],"118":[44,8,39,8],"119":[270,3],"120":[96,1],"121":[97,97,96],"122":[91,9],"123":[100,94],"124":[87,1],"125":[88,87,2,2],"126":[6,64],"127":[70,7],"128":[1,11],"129":[12,11],"130":[12,0],"131":[12,5],"132":[74,0],"133":[74,0],"134":[0,0],"135":[3,7],"136":[10,9,7],"137":[42,82],"138":[52,86],"139":[138,221],"140":[131,7],"141":[77,61],"142":[138,138],"143":[40,21],"144":[34,6],"145":[3,3],"146":[3,0],"147":[0,40],"148":[40,27,1],"149":[1,39],"150":[40,13,1],"151":[21,0],"152":[19,2],"153":[0,19],"154":[2,17],"155":[1,18],"156":[19,15,3],"157":[1,17],"158":[18,4,2],"159":[1,16],"160":[17,14,12],"161":[1,15],"162":[16,3,2],"163":[1,1],"164":[1,0],"165":[29,4],"166":[29,4],"167":[29,19,19],"168":[6,17],"169":[5,18],"170":[19,4],"171":[3,16],"172":[3,13],"173":[1,3],"174":[1,2],"175":[0,23],"176":[29,4],"177":[29,10,10],"178":[3,7],"179":[1,9],"180":[8,1],"181":[0,10],"182":[3,25],"183":[28,4],"184":[1,245],"185":[1,244],"186":[2,242],"187":[1,241],"188":[1,207],"189":[1,206],"190":[2,204],"191":[1,0],"192":[1,0],"193":[1,0],"194":[1,2],"195":[1,6],"196":[1,5],"197":[2,3],"198":[1,2],"199":[1,6],"200":[1,5],"201":[2,3],"202":[71,384],"203":[25,248],"204":[1,55],"205":[6,73],"206":[79,75],"207":[2,77],"208":[79,79],"209":[76,3],"210":[8,1],"211":[16,2],"212":[9,9],"213":[18,17],"214":[9,9],"215":[9,8],"216":[1,0],"217":[1,1],"218":[1,3],"219":[4,1,1,3,3,3],"220":[1,2],"221":[3,1],"222":[3,2],"223":[2,0],"224":[0,2],"225":[1,3],"226":[1,4],"227":[5,3],"228":[1,3],"229":[4,2],"230":[1,5],"231":[1,4],"232":[5,4],"233":[2,928],"234":[1,11],"235":[49,99],"236":[24,12],"237":[0,45],"238":[25,20],"239":[8,23],"240":[156,1],"241":[1,0],"242":[0,0],"243":[39,0],"244":[13,3],"245":[8,5],"246":[13,8,8,0],"247":[5,8],"248":[13,5,5,0],"249":[29,11],"250":[40,40],"251":[3,37],"252":[40,40,29,4],"253":[2,3],"254":[5,5],"255":[2,1],"256":[3,2]},"f":{"1":201,"2":11,"3":4,"4":2,"5":6,"6":177,"7":174,"8":99,"9":259,"10":232,"11":55,"12":125,"13":61,"14":45,"15":0,"16":99,"17":99,"18":99,"19":99,"20":99,"21":4,"22":1,"23":5,"24":99,"25":69,"26":133,"27":43,"28":89,"29":40,"30":1230,"31":1230,"32":1230,"33":1230,"34":38,"35":1180,"36":118,"37":118,"38":118,"39":118,"40":118,"41":118,"42":10,"43":24,"44":41,"45":53,"46":106,"47":106,"48":53,"49":53,"50":53,"51":38,"52":25,"53":65,"54":12,"55":29,"56":18,"57":9,"58":21,"59":13,"60":33,"61":4,"62":1,"63":1,"64":7,"65":257,"66":9,"67":14,"68":6,"69":5,"70":8,"71":176,"72":8,"73":812,"74":19,"75":909,"76":20,"77":5,"78":8,"79":2,"80":2,"81":5,"82":8,"83":541,"84":162,"85":5,"86":8,"87":9,"88":8,"89":3,"90":3,"91":3,"92":3,"93":169,"94":6,"95":26,"96":3,"97":16,"98":44,"99":101,"100":270,"101":273,"102":68,"103":69,"104":172,"105":97,"106":69,"107":100,"108":68,"109":88,"110":70,"111":69,"112":74,"113":7,"114":0,"115":0,"116":0,"117":10,"118":64,"119":124,"120":138,"121":359,"122":48,"123":33,"124":33,"125":23,"126":23,"127":23,"128":23,"129":23,"130":23,"131":23,"132":70,"133":70,"134":33,"135":10,"136":10,"137":10,"138":10,"139":30,"140":64,"141":28,"142":59,"143":59,"144":59,"145":84,"146":246,"147":5,"148":208,"149":1,"150":39,"151":1,"152":31,"153":3,"154":33,"155":7,"156":121,"157":3,"158":81,"159":7,"160":7,"161":3,"162":8,"163":1,"164":172,"165":478,"166":45,"167":5,"168":3,"169":5,"170":1,"171":455,"172":273,"173":56,"174":79,"175":9,"176":1,"177":1,"178":1,"179":2,"180":4,"181":7,"182":5,"183":4,"184":6,"185":2,"186":9,"187":930,"188":6,"189":1,"190":1,"191":1,"192":12,"193":110,"194":36,"195":39,"196":157,"197":0,"198":0,"199":39,"200":2,"201":2,"202":2,"203":2,"204":41,"205":16,"206":40,"207":12,"208":12,"209":12,"210":46,"211":5},"fnMap":{"1":{"name":"AliTV","line":22,"loc":{"start":{"line":22,"column":0},"end":{"line":22,"column":20}}},"2":{"name":"(anonymous_2)","line":273,"loc":{"start":{"line":273,"column":28},"end":{"line":273,"column":39}}},"3":{"name":"(anonymous_3)","line":289,"loc":{"start":{"line":289,"column":20},"end":{"line":289,"column":31}}},"4":{"name":"(anonymous_4)","line":323,"loc":{"start":{"line":323,"column":18},"end":{"line":323,"column":29}}},"5":{"name":"(anonymous_5)","line":350,"loc":{"start":{"line":350,"column":26},"end":{"line":350,"column":41}}},"6":{"name":"(anonymous_6)","line":378,"loc":{"start":{"line":378,"column":26},"end":{"line":378,"column":41}}},"7":{"name":"(anonymous_7)","line":420,"loc":{"start":{"line":420,"column":29},"end":{"line":420,"column":47}}},"8":{"name":"(anonymous_8)","line":448,"loc":{"start":{"line":448,"column":39},"end":{"line":448,"column":50}}},"9":{"name":"(anonymous_9)","line":467,"loc":{"start":{"line":467,"column":28},"end":{"line":467,"column":49}}},"10":{"name":"(anonymous_10)","line":474,"loc":{"start":{"line":474,"column":22},"end":{"line":474,"column":36}}},"11":{"name":"(anonymous_11)","line":535,"loc":{"start":{"line":535,"column":38},"end":{"line":535,"column":55}}},"12":{"name":"(anonymous_12)","line":545,"loc":{"start":{"line":545,"column":16},"end":{"line":545,"column":37}}},"13":{"name":"(anonymous_13)","line":548,"loc":{"start":{"line":548,"column":22},"end":{"line":548,"column":43}}},"14":{"name":"(anonymous_14)","line":698,"loc":{"start":{"line":698,"column":34},"end":{"line":698,"column":62}}},"15":{"name":"dragEvent","line":701,"loc":{"start":{"line":701,"column":1},"end":{"line":701,"column":22}}},"16":{"name":"(anonymous_16)","line":718,"loc":{"start":{"line":718,"column":14},"end":{"line":718,"column":26}}},"17":{"name":"(anonymous_17)","line":721,"loc":{"start":{"line":721,"column":13},"end":{"line":721,"column":25}}},"18":{"name":"(anonymous_18)","line":728,"loc":{"start":{"line":728,"column":13},"end":{"line":728,"column":25}}},"19":{"name":"(anonymous_19)","line":731,"loc":{"start":{"line":731,"column":17},"end":{"line":731,"column":29}}},"20":{"name":"(anonymous_20)","line":734,"loc":{"start":{"line":734,"column":18},"end":{"line":734,"column":30}}},"21":{"name":"(anonymous_21)","line":737,"loc":{"start":{"line":737,"column":19},"end":{"line":737,"column":31}}},"22":{"name":"(anonymous_22)","line":740,"loc":{"start":{"line":740,"column":18},"end":{"line":740,"column":30}}},"23":{"name":"(anonymous_23)","line":743,"loc":{"start":{"line":743,"column":15},"end":{"line":743,"column":27}}},"24":{"name":"(anonymous_24)","line":747,"loc":{"start":{"line":747,"column":17},"end":{"line":747,"column":29}}},"25":{"name":"(anonymous_25)","line":759,"loc":{"start":{"line":759,"column":39},"end":{"line":759,"column":58}}},"26":{"name":"(anonymous_26)","line":776,"loc":{"start":{"line":776,"column":39},"end":{"line":776,"column":58}}},"27":{"name":"(anonymous_27)","line":796,"loc":{"start":{"line":796,"column":38},"end":{"line":796,"column":60}}},"28":{"name":"(anonymous_28)","line":800,"loc":{"start":{"line":800,"column":21},"end":{"line":800,"column":42}}},"29":{"name":"(anonymous_29)","line":837,"loc":{"start":{"line":837,"column":34},"end":{"line":837,"column":61}}},"30":{"name":"(anonymous_30)","line":847,"loc":{"start":{"line":847,"column":14},"end":{"line":847,"column":26}}},"31":{"name":"(anonymous_31)","line":850,"loc":{"start":{"line":850,"column":14},"end":{"line":850,"column":26}}},"32":{"name":"(anonymous_32)","line":853,"loc":{"start":{"line":853,"column":14},"end":{"line":853,"column":26}}},"33":{"name":"(anonymous_33)","line":856,"loc":{"start":{"line":856,"column":14},"end":{"line":856,"column":26}}},"34":{"name":"(anonymous_34)","line":867,"loc":{"start":{"line":867,"column":39},"end":{"line":867,"column":66}}},"35":{"name":"(anonymous_35)","line":873,"loc":{"start":{"line":873,"column":26},"end":{"line":873,"column":47}}},"36":{"name":"(anonymous_36)","line":895,"loc":{"start":{"line":895,"column":13},"end":{"line":895,"column":25}}},"37":{"name":"(anonymous_37)","line":898,"loc":{"start":{"line":898,"column":13},"end":{"line":898,"column":25}}},"38":{"name":"(anonymous_38)","line":901,"loc":{"start":{"line":901,"column":8},"end":{"line":901,"column":20}}},"39":{"name":"(anonymous_39)","line":909,"loc":{"start":{"line":909,"column":13},"end":{"line":909,"column":25}}},"40":{"name":"(anonymous_40)","line":912,"loc":{"start":{"line":912,"column":13},"end":{"line":912,"column":25}}},"41":{"name":"(anonymous_41)","line":915,"loc":{"start":{"line":915,"column":8},"end":{"line":915,"column":20}}},"42":{"name":"(anonymous_42)","line":928,"loc":{"start":{"line":928,"column":28},"end":{"line":928,"column":49}}},"43":{"name":"(anonymous_43)","line":931,"loc":{"start":{"line":931,"column":10},"end":{"line":931,"column":22}}},"44":{"name":"(anonymous_44)","line":944,"loc":{"start":{"line":944,"column":34},"end":{"line":944,"column":61}}},"45":{"name":"(anonymous_45)","line":946,"loc":{"start":{"line":946,"column":20},"end":{"line":946,"column":35}}},"46":{"name":"(anonymous_46)","line":947,"loc":{"start":{"line":947,"column":42},"end":{"line":947,"column":54}}},"47":{"name":"(anonymous_47)","line":949,"loc":{"start":{"line":949,"column":12},"end":{"line":949,"column":24}}},"48":{"name":"(anonymous_48)","line":972,"loc":{"start":{"line":972,"column":14},"end":{"line":972,"column":26}}},"49":{"name":"(anonymous_49)","line":976,"loc":{"start":{"line":976,"column":17},"end":{"line":976,"column":29}}},"50":{"name":"(anonymous_50)","line":980,"loc":{"start":{"line":980,"column":20},"end":{"line":980,"column":32}}},"51":{"name":"(anonymous_51)","line":994,"loc":{"start":{"line":994,"column":29},"end":{"line":994,"column":40}}},"52":{"name":"(anonymous_52)","line":1065,"loc":{"start":{"line":1065,"column":41},"end":{"line":1065,"column":52}}},"53":{"name":"(anonymous_53)","line":1070,"loc":{"start":{"line":1070,"column":37},"end":{"line":1070,"column":58}}},"54":{"name":"(anonymous_54)","line":1103,"loc":{"start":{"line":1103,"column":40},"end":{"line":1103,"column":57}}},"55":{"name":"(anonymous_55)","line":1110,"loc":{"start":{"line":1110,"column":16},"end":{"line":1110,"column":37}}},"56":{"name":"(anonymous_56)","line":1117,"loc":{"start":{"line":1117,"column":22},"end":{"line":1117,"column":43}}},"57":{"name":"(anonymous_57)","line":1152,"loc":{"start":{"line":1152,"column":40},"end":{"line":1152,"column":57}}},"58":{"name":"(anonymous_58)","line":1155,"loc":{"start":{"line":1155,"column":16},"end":{"line":1155,"column":37}}},"59":{"name":"(anonymous_59)","line":1172,"loc":{"start":{"line":1172,"column":36},"end":{"line":1172,"column":53}}},"60":{"name":"(anonymous_60)","line":1185,"loc":{"start":{"line":1185,"column":17},"end":{"line":1185,"column":29}}},"61":{"name":"(anonymous_61)","line":1188,"loc":{"start":{"line":1188,"column":19},"end":{"line":1188,"column":31}}},"62":{"name":"(anonymous_62)","line":1191,"loc":{"start":{"line":1191,"column":18},"end":{"line":1191,"column":30}}},"63":{"name":"(anonymous_63)","line":1194,"loc":{"start":{"line":1194,"column":15},"end":{"line":1194,"column":27}}},"64":{"name":"(anonymous_64)","line":1205,"loc":{"start":{"line":1205,"column":36},"end":{"line":1205,"column":53}}},"65":{"name":"(anonymous_65)","line":1216,"loc":{"start":{"line":1216,"column":13},"end":{"line":1216,"column":25}}},"66":{"name":"(anonymous_66)","line":1234,"loc":{"start":{"line":1234,"column":36},"end":{"line":1234,"column":65}}},"67":{"name":"(anonymous_67)","line":1246,"loc":{"start":{"line":1246,"column":17},"end":{"line":1246,"column":29}}},"68":{"name":"(anonymous_68)","line":1257,"loc":{"start":{"line":1257,"column":31},"end":{"line":1257,"column":42}}},"69":{"name":"(anonymous_69)","line":1275,"loc":{"start":{"line":1275,"column":33},"end":{"line":1275,"column":44}}},"70":{"name":"(anonymous_70)","line":1291,"loc":{"start":{"line":1291,"column":33},"end":{"line":1291,"column":50}}},"71":{"name":"(anonymous_71)","line":1311,"loc":{"start":{"line":1311,"column":33},"end":{"line":1311,"column":44}}},"72":{"name":"(anonymous_72)","line":1326,"loc":{"start":{"line":1326,"column":33},"end":{"line":1326,"column":50}}},"73":{"name":"(anonymous_73)","line":1347,"loc":{"start":{"line":1347,"column":33},"end":{"line":1347,"column":44}}},"74":{"name":"(anonymous_74)","line":1361,"loc":{"start":{"line":1361,"column":33},"end":{"line":1361,"column":49}}},"75":{"name":"(anonymous_75)","line":1382,"loc":{"start":{"line":1382,"column":34},"end":{"line":1382,"column":45}}},"76":{"name":"(anonymous_76)","line":1397,"loc":{"start":{"line":1397,"column":34},"end":{"line":1397,"column":51}}},"77":{"name":"(anonymous_77)","line":1418,"loc":{"start":{"line":1418,"column":34},"end":{"line":1418,"column":45}}},"78":{"name":"(anonymous_78)","line":1434,"loc":{"start":{"line":1434,"column":34},"end":{"line":1434,"column":53}}},"79":{"name":"(anonymous_79)","line":1455,"loc":{"start":{"line":1455,"column":28},"end":{"line":1455,"column":39}}},"80":{"name":"(anonymous_80)","line":1465,"loc":{"start":{"line":1465,"column":34},"end":{"line":1465,"column":51}}},"81":{"name":"(anonymous_81)","line":1481,"loc":{"start":{"line":1481,"column":31},"end":{"line":1481,"column":42}}},"82":{"name":"(anonymous_82)","line":1495,"loc":{"start":{"line":1495,"column":31},"end":{"line":1495,"column":51}}},"83":{"name":"(anonymous_83)","line":1515,"loc":{"start":{"line":1515,"column":33},"end":{"line":1515,"column":44}}},"84":{"name":"(anonymous_84)","line":1525,"loc":{"start":{"line":1525,"column":36},"end":{"line":1525,"column":47}}},"85":{"name":"(anonymous_85)","line":1535,"loc":{"start":{"line":1535,"column":40},"end":{"line":1535,"column":51}}},"86":{"name":"(anonymous_86)","line":1548,"loc":{"start":{"line":1548,"column":40},"end":{"line":1548,"column":69}}},"87":{"name":"(anonymous_87)","line":1572,"loc":{"start":{"line":1572,"column":37},"end":{"line":1572,"column":65}}},"88":{"name":"(anonymous_88)","line":1592,"loc":{"start":{"line":1592,"column":37},"end":{"line":1592,"column":70}}},"89":{"name":"(anonymous_89)","line":1610,"loc":{"start":{"line":1610,"column":33},"end":{"line":1610,"column":44}}},"90":{"name":"(anonymous_90)","line":1623,"loc":{"start":{"line":1623,"column":33},"end":{"line":1623,"column":49}}},"91":{"name":"(anonymous_91)","line":1643,"loc":{"start":{"line":1643,"column":31},"end":{"line":1643,"column":42}}},"92":{"name":"(anonymous_92)","line":1657,"loc":{"start":{"line":1657,"column":31},"end":{"line":1657,"column":47}}},"93":{"name":"(anonymous_93)","line":1678,"loc":{"start":{"line":1678,"column":36},"end":{"line":1678,"column":47}}},"94":{"name":"(anonymous_94)","line":1697,"loc":{"start":{"line":1697,"column":43},"end":{"line":1697,"column":72}}},"95":{"name":"(anonymous_95)","line":1700,"loc":{"start":{"line":1700,"column":28},"end":{"line":1700,"column":49}}},"96":{"name":"(anonymous_96)","line":1714,"loc":{"start":{"line":1714,"column":54},"end":{"line":1714,"column":83}}},"97":{"name":"(anonymous_97)","line":1718,"loc":{"start":{"line":1718,"column":28},"end":{"line":1718,"column":49}}},"98":{"name":"(anonymous_98)","line":1721,"loc":{"start":{"line":1721,"column":24},"end":{"line":1721,"column":45}}},"99":{"name":"(anonymous_99)","line":1736,"loc":{"start":{"line":1736,"column":40},"end":{"line":1736,"column":69}}},"100":{"name":"(anonymous_100)","line":1739,"loc":{"start":{"line":1739,"column":28},"end":{"line":1739,"column":49}}},"101":{"name":"(anonymous_101)","line":1742,"loc":{"start":{"line":1742,"column":34},"end":{"line":1742,"column":55}}},"102":{"name":"(anonymous_102)","line":1758,"loc":{"start":{"line":1758,"column":30},"end":{"line":1758,"column":59}}},"103":{"name":"(anonymous_103)","line":1773,"loc":{"start":{"line":1773,"column":37},"end":{"line":1773,"column":80}}},"104":{"name":"(anonymous_104)","line":1777,"loc":{"start":{"line":1777,"column":28},"end":{"line":1777,"column":49}}},"105":{"name":"(anonymous_105)","line":1780,"loc":{"start":{"line":1780,"column":22},"end":{"line":1780,"column":43}}},"106":{"name":"(anonymous_106)","line":1795,"loc":{"start":{"line":1795,"column":40},"end":{"line":1795,"column":63}}},"107":{"name":"(anonymous_107)","line":1799,"loc":{"start":{"line":1799,"column":22},"end":{"line":1799,"column":43}}},"108":{"name":"(anonymous_108)","line":1814,"loc":{"start":{"line":1814,"column":38},"end":{"line":1814,"column":61}}},"109":{"name":"(anonymous_109)","line":1819,"loc":{"start":{"line":1819,"column":22},"end":{"line":1819,"column":43}}},"110":{"name":"(anonymous_110)","line":1838,"loc":{"start":{"line":1838,"column":41},"end":{"line":1838,"column":52}}},"111":{"name":"(anonymous_111)","line":1852,"loc":{"start":{"line":1852,"column":26},"end":{"line":1852,"column":47}}},"112":{"name":"(anonymous_112)","line":1853,"loc":{"start":{"line":1853,"column":17},"end":{"line":1853,"column":32}}},"113":{"name":"(anonymous_113)","line":1868,"loc":{"start":{"line":1868,"column":39},"end":{"line":1868,"column":50}}},"114":{"name":"(anonymous_114)","line":1895,"loc":{"start":{"line":1895,"column":14},"end":{"line":1895,"column":25}}},"115":{"name":"(anonymous_115)","line":1914,"loc":{"start":{"line":1914,"column":14},"end":{"line":1914,"column":26}}},"116":{"name":"(anonymous_116)","line":1929,"loc":{"start":{"line":1929,"column":14},"end":{"line":1929,"column":26}}},"117":{"name":"(anonymous_117)","line":1942,"loc":{"start":{"line":1942,"column":26},"end":{"line":1942,"column":37}}},"118":{"name":"(anonymous_118)","line":1959,"loc":{"start":{"line":1959,"column":41},"end":{"line":1959,"column":69}}},"119":{"name":"(anonymous_119)","line":1963,"loc":{"start":{"line":1963,"column":28},"end":{"line":1963,"column":53}}},"120":{"name":"(anonymous_120)","line":1968,"loc":{"start":{"line":1968,"column":19},"end":{"line":1968,"column":40}}},"121":{"name":"(anonymous_121)","line":1979,"loc":{"start":{"line":1979,"column":29},"end":{"line":1979,"column":50}}},"122":{"name":"(anonymous_122)","line":2328,"loc":{"start":{"line":2328,"column":37},"end":{"line":2328,"column":67}}},"123":{"name":"(anonymous_123)","line":2339,"loc":{"start":{"line":2339,"column":14},"end":{"line":2339,"column":26}}},"124":{"name":"(anonymous_124)","line":2360,"loc":{"start":{"line":2360,"column":10},"end":{"line":2360,"column":22}}},"125":{"name":"(anonymous_125)","line":2368,"loc":{"start":{"line":2368,"column":14},"end":{"line":2368,"column":29}}},"126":{"name":"(anonymous_126)","line":2377,"loc":{"start":{"line":2377,"column":13},"end":{"line":2377,"column":25}}},"127":{"name":"(anonymous_127)","line":2384,"loc":{"start":{"line":2384,"column":13},"end":{"line":2384,"column":25}}},"128":{"name":"(anonymous_128)","line":2387,"loc":{"start":{"line":2387,"column":17},"end":{"line":2387,"column":29}}},"129":{"name":"(anonymous_129)","line":2390,"loc":{"start":{"line":2390,"column":18},"end":{"line":2390,"column":30}}},"130":{"name":"(anonymous_130)","line":2393,"loc":{"start":{"line":2393,"column":17},"end":{"line":2393,"column":29}}},"131":{"name":"(anonymous_131)","line":2418,"loc":{"start":{"line":2418,"column":20},"end":{"line":2418,"column":32}}},"132":{"name":"(anonymous_132)","line":2427,"loc":{"start":{"line":2427,"column":5},"end":{"line":2427,"column":17}}},"133":{"name":"(anonymous_133)","line":2430,"loc":{"start":{"line":2430,"column":5},"end":{"line":2430,"column":17}}},"134":{"name":"(anonymous_134)","line":2436,"loc":{"start":{"line":2436,"column":10},"end":{"line":2436,"column":22}}},"135":{"name":"(anonymous_135)","line":2441,"loc":{"start":{"line":2441,"column":8},"end":{"line":2441,"column":23}}},"136":{"name":"(anonymous_136)","line":2444,"loc":{"start":{"line":2444,"column":16},"end":{"line":2444,"column":28}}},"137":{"name":"(anonymous_137)","line":2454,"loc":{"start":{"line":2454,"column":18},"end":{"line":2454,"column":30}}},"138":{"name":"(anonymous_138)","line":2467,"loc":{"start":{"line":2467,"column":22},"end":{"line":2467,"column":34}}},"139":{"name":"(anonymous_139)","line":2482,"loc":{"start":{"line":2482,"column":39},"end":{"line":2482,"column":50}}},"140":{"name":"(anonymous_140)","line":2486,"loc":{"start":{"line":2486,"column":41},"end":{"line":2486,"column":62}}},"141":{"name":"(anonymous_141)","line":2502,"loc":{"start":{"line":2502,"column":41},"end":{"line":2502,"column":75}}},"142":{"name":"(anonymous_142)","line":2512,"loc":{"start":{"line":2512,"column":13},"end":{"line":2512,"column":25}}},"143":{"name":"(anonymous_143)","line":2515,"loc":{"start":{"line":2515,"column":13},"end":{"line":2515,"column":25}}},"144":{"name":"(anonymous_144)","line":2518,"loc":{"start":{"line":2518,"column":8},"end":{"line":2518,"column":20}}},"145":{"name":"(anonymous_145)","line":2537,"loc":{"start":{"line":2537,"column":30},"end":{"line":2537,"column":41}}},"146":{"name":"(anonymous_146)","line":2551,"loc":{"start":{"line":2551,"column":30},"end":{"line":2551,"column":46}}},"147":{"name":"(anonymous_147)","line":2575,"loc":{"start":{"line":2575,"column":31},"end":{"line":2575,"column":42}}},"148":{"name":"(anonymous_148)","line":2590,"loc":{"start":{"line":2590,"column":31},"end":{"line":2590,"column":48}}},"149":{"name":"(anonymous_149)","line":2610,"loc":{"start":{"line":2610,"column":31},"end":{"line":2610,"column":42}}},"150":{"name":"(anonymous_150)","line":2622,"loc":{"start":{"line":2622,"column":26},"end":{"line":2622,"column":37}}},"151":{"name":"(anonymous_151)","line":2636,"loc":{"start":{"line":2636,"column":26},"end":{"line":2636,"column":41}}},"152":{"name":"(anonymous_152)","line":2655,"loc":{"start":{"line":2655,"column":38},"end":{"line":2655,"column":49}}},"153":{"name":"(anonymous_153)","line":2666,"loc":{"start":{"line":2666,"column":38},"end":{"line":2666,"column":54}}},"154":{"name":"(anonymous_154)","line":2682,"loc":{"start":{"line":2682,"column":37},"end":{"line":2682,"column":48}}},"155":{"name":"(anonymous_155)","line":2695,"loc":{"start":{"line":2695,"column":37},"end":{"line":2695,"column":52}}},"156":{"name":"(anonymous_156)","line":2716,"loc":{"start":{"line":2716,"column":36},"end":{"line":2716,"column":47}}},"157":{"name":"(anonymous_157)","line":2726,"loc":{"start":{"line":2726,"column":36},"end":{"line":2726,"column":52}}},"158":{"name":"(anonymous_158)","line":2742,"loc":{"start":{"line":2742,"column":35},"end":{"line":2742,"column":46}}},"159":{"name":"(anonymous_159)","line":2755,"loc":{"start":{"line":2755,"column":35},"end":{"line":2755,"column":50}}},"160":{"name":"(anonymous_160)","line":2776,"loc":{"start":{"line":2776,"column":35},"end":{"line":2776,"column":60}}},"161":{"name":"(anonymous_161)","line":2789,"loc":{"start":{"line":2789,"column":36},"end":{"line":2789,"column":47}}},"162":{"name":"(anonymous_162)","line":2791,"loc":{"start":{"line":2791,"column":43},"end":{"line":2791,"column":64}}},"163":{"name":"(anonymous_163)","line":2805,"loc":{"start":{"line":2805,"column":36},"end":{"line":2805,"column":61}}},"164":{"name":"(anonymous_164)","line":2817,"loc":{"start":{"line":2817,"column":41},"end":{"line":2817,"column":52}}},"165":{"name":"(anonymous_165)","line":2819,"loc":{"start":{"line":2819,"column":37},"end":{"line":2819,"column":58}}},"166":{"name":"(anonymous_166)","line":2830,"loc":{"start":{"line":2830,"column":27},"end":{"line":2830,"column":38}}},"167":{"name":"(anonymous_167)","line":2850,"loc":{"start":{"line":2850,"column":38},"end":{"line":2850,"column":56}}},"168":{"name":"(anonymous_168)","line":2865,"loc":{"start":{"line":2865,"column":39},"end":{"line":2865,"column":50}}},"169":{"name":"(anonymous_169)","line":2867,"loc":{"start":{"line":2867,"column":49},"end":{"line":2867,"column":70}}},"170":{"name":"(anonymous_170)","line":2881,"loc":{"start":{"line":2881,"column":39},"end":{"line":2881,"column":67}}},"171":{"name":"(anonymous_171)","line":2894,"loc":{"start":{"line":2894,"column":37},"end":{"line":2894,"column":48}}},"172":{"name":"(anonymous_172)","line":2921,"loc":{"start":{"line":2921,"column":34},"end":{"line":2921,"column":45}}},"173":{"name":"(anonymous_173)","line":2939,"loc":{"start":{"line":2939,"column":50},"end":{"line":2939,"column":90}}},"174":{"name":"(anonymous_174)","line":2943,"loc":{"start":{"line":2943,"column":20},"end":{"line":2943,"column":41}}},"175":{"name":"(anonymous_175)","line":2963,"loc":{"start":{"line":2963,"column":46},"end":{"line":2963,"column":61}}},"176":{"name":"(anonymous_176)","line":2994,"loc":{"start":{"line":2994,"column":36},"end":{"line":2994,"column":56}}},"177":{"name":"(anonymous_177)","line":3007,"loc":{"start":{"line":3007,"column":45},"end":{"line":3007,"column":68}}},"178":{"name":"(anonymous_178)","line":3018,"loc":{"start":{"line":3018,"column":42},"end":{"line":3018,"column":53}}},"179":{"name":"(anonymous_179)","line":3020,"loc":{"start":{"line":3020,"column":40},"end":{"line":3020,"column":61}}},"180":{"name":"(anonymous_180)","line":3034,"loc":{"start":{"line":3034,"column":36},"end":{"line":3034,"column":58}}},"181":{"name":"(anonymous_181)","line":3060,"loc":{"start":{"line":3060,"column":46},"end":{"line":3060,"column":67}}},"182":{"name":"(anonymous_182)","line":3073,"loc":{"start":{"line":3073,"column":40},"end":{"line":3073,"column":60}}},"183":{"name":"(anonymous_183)","line":3115,"loc":{"start":{"line":3115,"column":28},"end":{"line":3115,"column":46}}},"184":{"name":"(anonymous_184)","line":3129,"loc":{"start":{"line":3129,"column":28},"end":{"line":3129,"column":54}}},"185":{"name":"(anonymous_185)","line":3145,"loc":{"start":{"line":3145,"column":39},"end":{"line":3145,"column":50}}},"186":{"name":"(anonymous_186)","line":3154,"loc":{"start":{"line":3154,"column":31},"end":{"line":3154,"column":50}}},"187":{"name":"(anonymous_187)","line":3165,"loc":{"start":{"line":3165,"column":32},"end":{"line":3165,"column":43}}},"188":{"name":"(anonymous_188)","line":3169,"loc":{"start":{"line":3169,"column":32},"end":{"line":3169,"column":53}}},"189":{"name":"(anonymous_189)","line":3178,"loc":{"start":{"line":3178,"column":35},"end":{"line":3178,"column":46}}},"190":{"name":"(anonymous_190)","line":3186,"loc":{"start":{"line":3186,"column":33},"end":{"line":3186,"column":44}}},"191":{"name":"(anonymous_191)","line":3199,"loc":{"start":{"line":3199,"column":32},"end":{"line":3199,"column":61}}},"192":{"name":"(anonymous_192)","line":3215,"loc":{"start":{"line":3215,"column":42},"end":{"line":3215,"column":53}}},"193":{"name":"(anonymous_193)","line":3221,"loc":{"start":{"line":3221,"column":16},"end":{"line":3221,"column":34}}},"194":{"name":"(anonymous_194)","line":3243,"loc":{"start":{"line":3243,"column":18},"end":{"line":3243,"column":36}}},"195":{"name":"(anonymous_195)","line":3282,"loc":{"start":{"line":3282,"column":36},"end":{"line":3282,"column":47}}},"196":{"name":"(anonymous_196)","line":3288,"loc":{"start":{"line":3288,"column":46},"end":{"line":3288,"column":65}}},"197":{"name":"(anonymous_197)","line":3327,"loc":{"start":{"line":3327,"column":37},"end":{"line":3327,"column":49}}},"198":{"name":"(anonymous_198)","line":3329,"loc":{"start":{"line":3329,"column":6},"end":{"line":3329,"column":18}}},"199":{"name":"(anonymous_199)","line":3362,"loc":{"start":{"line":3362,"column":41},"end":{"line":3362,"column":52}}},"200":{"name":"(anonymous_200)","line":3392,"loc":{"start":{"line":3392,"column":37},"end":{"line":3392,"column":48}}},"201":{"name":"(anonymous_201)","line":3402,"loc":{"start":{"line":3402,"column":37},"end":{"line":3402,"column":48}}},"202":{"name":"(anonymous_202)","line":3412,"loc":{"start":{"line":3412,"column":35},"end":{"line":3412,"column":46}}},"203":{"name":"(anonymous_203)","line":3422,"loc":{"start":{"line":3422,"column":35},"end":{"line":3422,"column":46}}},"204":{"name":"(anonymous_204)","line":3434,"loc":{"start":{"line":3434,"column":40},"end":{"line":3434,"column":70}}},"205":{"name":"(anonymous_205)","line":3437,"loc":{"start":{"line":3437,"column":29},"end":{"line":3437,"column":50}}},"206":{"name":"(anonymous_206)","line":3464,"loc":{"start":{"line":3464,"column":42},"end":{"line":3464,"column":77}}},"207":{"name":"(anonymous_207)","line":3474,"loc":{"start":{"line":3474,"column":13},"end":{"line":3474,"column":25}}},"208":{"name":"(anonymous_208)","line":3477,"loc":{"start":{"line":3477,"column":13},"end":{"line":3477,"column":25}}},"209":{"name":"(anonymous_209)","line":3480,"loc":{"start":{"line":3480,"column":8},"end":{"line":3480,"column":20}}},"210":{"name":"(anonymous_210)","line":3501,"loc":{"start":{"line":3501,"column":33},"end":{"line":3501,"column":44}}},"211":{"name":"(anonymous_211)","line":3514,"loc":{"start":{"line":3514,"column":33},"end":{"line":3514,"column":55}}}},"statementMap":{"1":{"start":{"line":10,"column":0},"end":{"line":10,"column":28}},"2":{"start":{"line":22,"column":0},"end":{"line":339,"column":1}},"3":{"start":{"line":26,"column":1},"end":{"line":26,"column":16}},"4":{"start":{"line":30,"column":1},"end":{"line":30,"column":32}},"5":{"start":{"line":57,"column":1},"end":{"line":57,"column":16}},"6":{"start":{"line":79,"column":1},"end":{"line":79,"column":19}},"7":{"start":{"line":152,"column":1},"end":{"line":248,"column":3}},"8":{"start":{"line":255,"column":1},"end":{"line":257,"column":3}},"9":{"start":{"line":262,"column":1},"end":{"line":262,"column":29}},"10":{"start":{"line":267,"column":1},"end":{"line":267,"column":28}},"11":{"start":{"line":269,"column":1},"end":{"line":269,"column":41}},"12":{"start":{"line":270,"column":1},"end":{"line":270,"column":43}},"13":{"start":{"line":271,"column":1},"end":{"line":271,"column":17}},"14":{"start":{"line":273,"column":1},"end":{"line":338,"column":4}},"15":{"start":{"line":275,"column":2},"end":{"line":277,"column":3}},"16":{"start":{"line":276,"column":3},"end":{"line":276,"column":10}},"17":{"start":{"line":278,"column":2},"end":{"line":278,"column":25}},"18":{"start":{"line":279,"column":2},"end":{"line":288,"column":6}},"19":{"start":{"line":290,"column":2},"end":{"line":290,"column":46}},"20":{"start":{"line":291,"column":2},"end":{"line":322,"column":3}},"21":{"start":{"line":292,"column":3},"end":{"line":302,"column":6}},"22":{"start":{"line":307,"column":3},"end":{"line":312,"column":4}},"23":{"start":{"line":308,"column":4},"end":{"line":308,"column":15}},"24":{"start":{"line":309,"column":4},"end":{"line":309,"column":22}},"25":{"start":{"line":311,"column":4},"end":{"line":311,"column":21}},"26":{"start":{"line":314,"column":3},"end":{"line":319,"column":4}},"27":{"start":{"line":315,"column":4},"end":{"line":315,"column":15}},"28":{"start":{"line":316,"column":4},"end":{"line":316,"column":23}},"29":{"start":{"line":318,"column":4},"end":{"line":318,"column":22}},"30":{"start":{"line":321,"column":3},"end":{"line":321,"column":13}},"31":{"start":{"line":324,"column":2},"end":{"line":324,"column":49}},"32":{"start":{"line":325,"column":2},"end":{"line":337,"column":3}},"33":{"start":{"line":326,"column":3},"end":{"line":331,"column":5}},"34":{"start":{"line":332,"column":3},"end":{"line":335,"column":4}},"35":{"start":{"line":333,"column":4},"end":{"line":333,"column":43}},"36":{"start":{"line":334,"column":4},"end":{"line":334,"column":22}},"37":{"start":{"line":336,"column":3},"end":{"line":336,"column":14}},"38":{"start":{"line":350,"column":0},"end":{"line":353,"column":2}},"39":{"start":{"line":351,"column":1},"end":{"line":351,"column":38}},"40":{"start":{"line":352,"column":1},"end":{"line":352,"column":22}},"41":{"start":{"line":378,"column":0},"end":{"line":381,"column":2}},"42":{"start":{"line":379,"column":1},"end":{"line":379,"column":18}},"43":{"start":{"line":380,"column":1},"end":{"line":380,"column":22}},"44":{"start":{"line":420,"column":0},"end":{"line":438,"column":2}},"45":{"start":{"line":421,"column":1},"end":{"line":421,"column":24}},"46":{"start":{"line":422,"column":1},"end":{"line":424,"column":2}},"47":{"start":{"line":423,"column":2},"end":{"line":423,"column":26}},"48":{"start":{"line":425,"column":1},"end":{"line":427,"column":2}},"49":{"start":{"line":426,"column":2},"end":{"line":426,"column":29}},"50":{"start":{"line":428,"column":1},"end":{"line":430,"column":2}},"51":{"start":{"line":429,"column":2},"end":{"line":429,"column":41}},"52":{"start":{"line":431,"column":1},"end":{"line":433,"column":2}},"53":{"start":{"line":432,"column":2},"end":{"line":432,"column":47}},"54":{"start":{"line":434,"column":1},"end":{"line":436,"column":2}},"55":{"start":{"line":435,"column":2},"end":{"line":435,"column":67}},"56":{"start":{"line":437,"column":1},"end":{"line":437,"column":22}},"57":{"start":{"line":448,"column":0},"end":{"line":521,"column":2}},"58":{"start":{"line":449,"column":1},"end":{"line":449,"column":28}},"59":{"start":{"line":450,"column":1},"end":{"line":450,"column":52}},"60":{"start":{"line":451,"column":1},"end":{"line":451,"column":22}},"61":{"start":{"line":452,"column":1},"end":{"line":452,"column":47}},"62":{"start":{"line":453,"column":1},"end":{"line":453,"column":17}},"63":{"start":{"line":454,"column":1},"end":{"line":454,"column":51}},"64":{"start":{"line":455,"column":1},"end":{"line":455,"column":80}},"65":{"start":{"line":456,"column":1},"end":{"line":456,"column":22}},"66":{"start":{"line":458,"column":1},"end":{"line":458,"column":16}},"67":{"start":{"line":459,"column":1},"end":{"line":459,"column":18}},"68":{"start":{"line":460,"column":1},"end":{"line":460,"column":7}},"69":{"start":{"line":462,"column":1},"end":{"line":465,"column":2}},"70":{"start":{"line":463,"column":2},"end":{"line":463,"column":54}},"71":{"start":{"line":464,"column":2},"end":{"line":464,"column":18}},"72":{"start":{"line":467,"column":1},"end":{"line":469,"column":4}},"73":{"start":{"line":468,"column":2},"end":{"line":468,"column":104}},"74":{"start":{"line":470,"column":1},"end":{"line":470,"column":48}},"75":{"start":{"line":471,"column":1},"end":{"line":471,"column":48}},"76":{"start":{"line":474,"column":1},"end":{"line":493,"column":3}},"77":{"start":{"line":475,"column":2},"end":{"line":476,"column":30}},"78":{"start":{"line":477,"column":2},"end":{"line":477,"column":23}},"79":{"start":{"line":478,"column":2},"end":{"line":478,"column":61}},"80":{"start":{"line":479,"column":2},"end":{"line":481,"column":3}},"81":{"start":{"line":480,"column":3},"end":{"line":480,"column":43}},"82":{"start":{"line":482,"column":2},"end":{"line":482,"column":32}},"83":{"start":{"line":483,"column":2},"end":{"line":487,"column":3}},"84":{"start":{"line":484,"column":3},"end":{"line":484,"column":39}},"85":{"start":{"line":486,"column":3},"end":{"line":486,"column":30}},"86":{"start":{"line":489,"column":2},"end":{"line":491,"column":5}},"87":{"start":{"line":492,"column":2},"end":{"line":492,"column":24}},"88":{"start":{"line":495,"column":1},"end":{"line":497,"column":2}},"89":{"start":{"line":496,"column":2},"end":{"line":496,"column":65}},"90":{"start":{"line":499,"column":1},"end":{"line":519,"column":2}},"91":{"start":{"line":500,"column":2},"end":{"line":500,"column":41}},"92":{"start":{"line":501,"column":2},"end":{"line":501,"column":38}},"93":{"start":{"line":502,"column":2},"end":{"line":507,"column":4}},"94":{"start":{"line":508,"column":2},"end":{"line":508,"column":53}},"95":{"start":{"line":510,"column":2},"end":{"line":516,"column":3}},"96":{"start":{"line":511,"column":3},"end":{"line":511,"column":68}},"97":{"start":{"line":512,"column":3},"end":{"line":512,"column":77}},"98":{"start":{"line":514,"column":3},"end":{"line":514,"column":92}},"99":{"start":{"line":515,"column":3},"end":{"line":515,"column":68}},"100":{"start":{"line":517,"column":2},"end":{"line":517,"column":106}},"101":{"start":{"line":518,"column":2},"end":{"line":518,"column":32}},"102":{"start":{"line":520,"column":1},"end":{"line":520,"column":26}},"103":{"start":{"line":535,"column":0},"end":{"line":691,"column":2}},"104":{"start":{"line":536,"column":1},"end":{"line":536,"column":27}},"105":{"start":{"line":537,"column":1},"end":{"line":539,"column":2}},"106":{"start":{"line":538,"column":2},"end":{"line":538,"column":26}},"107":{"start":{"line":540,"column":1},"end":{"line":540,"column":17}},"108":{"start":{"line":541,"column":1},"end":{"line":541,"column":22}},"109":{"start":{"line":542,"column":1},"end":{"line":542,"column":51}},"110":{"start":{"line":543,"column":1},"end":{"line":543,"column":57}},"111":{"start":{"line":544,"column":1},"end":{"line":544,"column":19}},"112":{"start":{"line":545,"column":1},"end":{"line":547,"column":4}},"113":{"start":{"line":546,"column":2},"end":{"line":546,"column":30}},"114":{"start":{"line":548,"column":1},"end":{"line":688,"column":4}},"115":{"start":{"line":549,"column":2},"end":{"line":549,"column":16}},"116":{"start":{"line":550,"column":2},"end":{"line":550,"column":20}},"117":{"start":{"line":551,"column":2},"end":{"line":551,"column":20}},"118":{"start":{"line":552,"column":2},"end":{"line":552,"column":20}},"119":{"start":{"line":553,"column":2},"end":{"line":553,"column":20}},"120":{"start":{"line":554,"column":2},"end":{"line":554,"column":20}},"121":{"start":{"line":555,"column":2},"end":{"line":555,"column":21}},"122":{"start":{"line":556,"column":2},"end":{"line":556,"column":25}},"123":{"start":{"line":557,"column":2},"end":{"line":557,"column":25}},"124":{"start":{"line":558,"column":2},"end":{"line":558,"column":25}},"125":{"start":{"line":559,"column":2},"end":{"line":559,"column":25}},"126":{"start":{"line":560,"column":2},"end":{"line":560,"column":25}},"127":{"start":{"line":561,"column":2},"end":{"line":561,"column":16}},"128":{"start":{"line":562,"column":2},"end":{"line":562,"column":17}},"129":{"start":{"line":563,"column":2},"end":{"line":563,"column":17}},"130":{"start":{"line":564,"column":2},"end":{"line":564,"column":55}},"131":{"start":{"line":565,"column":2},"end":{"line":565,"column":55}},"132":{"start":{"line":566,"column":2},"end":{"line":566,"column":59}},"133":{"start":{"line":567,"column":2},"end":{"line":567,"column":59}},"134":{"start":{"line":568,"column":2},"end":{"line":568,"column":54}},"135":{"start":{"line":569,"column":2},"end":{"line":569,"column":54}},"136":{"start":{"line":570,"column":2},"end":{"line":570,"column":82}},"137":{"start":{"line":571,"column":2},"end":{"line":571,"column":82}},"138":{"start":{"line":572,"column":2},"end":{"line":572,"column":123}},"139":{"start":{"line":573,"column":2},"end":{"line":573,"column":123}},"140":{"start":{"line":575,"column":2},"end":{"line":585,"column":3}},"141":{"start":{"line":576,"column":3},"end":{"line":576,"column":22}},"142":{"start":{"line":577,"column":3},"end":{"line":577,"column":23}},"143":{"start":{"line":578,"column":3},"end":{"line":578,"column":18}},"144":{"start":{"line":579,"column":3},"end":{"line":579,"column":16}},"145":{"start":{"line":580,"column":3},"end":{"line":580,"column":19}},"146":{"start":{"line":581,"column":3},"end":{"line":581,"column":16}},"147":{"start":{"line":582,"column":3},"end":{"line":582,"column":22}},"148":{"start":{"line":583,"column":3},"end":{"line":583,"column":31}},"149":{"start":{"line":584,"column":3},"end":{"line":584,"column":22}},"150":{"start":{"line":587,"column":2},"end":{"line":587,"column":145}},"151":{"start":{"line":588,"column":2},"end":{"line":588,"column":145}},"152":{"start":{"line":590,"column":2},"end":{"line":592,"column":65}},"153":{"start":{"line":594,"column":2},"end":{"line":596,"column":65}},"154":{"start":{"line":598,"column":2},"end":{"line":598,"column":307}},"155":{"start":{"line":599,"column":2},"end":{"line":599,"column":101}},"156":{"start":{"line":600,"column":2},"end":{"line":600,"column":290}},"157":{"start":{"line":601,"column":2},"end":{"line":601,"column":101}},"158":{"start":{"line":603,"column":2},"end":{"line":603,"column":307}},"159":{"start":{"line":604,"column":2},"end":{"line":604,"column":79}},"160":{"start":{"line":605,"column":2},"end":{"line":605,"column":290}},"161":{"start":{"line":606,"column":2},"end":{"line":606,"column":79}},"162":{"start":{"line":608,"column":2},"end":{"line":687,"column":3}},"163":{"start":{"line":609,"column":3},"end":{"line":609,"column":113}},"164":{"start":{"line":611,"column":3},"end":{"line":611,"column":31}},"165":{"start":{"line":612,"column":3},"end":{"line":612,"column":51}},"166":{"start":{"line":613,"column":3},"end":{"line":613,"column":263}},"167":{"start":{"line":615,"column":3},"end":{"line":615,"column":44}},"168":{"start":{"line":616,"column":3},"end":{"line":616,"column":40}},"169":{"start":{"line":617,"column":3},"end":{"line":617,"column":296}},"170":{"start":{"line":618,"column":3},"end":{"line":618,"column":40}},"171":{"start":{"line":620,"column":3},"end":{"line":620,"column":268}},"172":{"start":{"line":621,"column":3},"end":{"line":621,"column":40}},"173":{"start":{"line":622,"column":3},"end":{"line":622,"column":36}},"174":{"start":{"line":623,"column":3},"end":{"line":623,"column":40}},"175":{"start":{"line":625,"column":3},"end":{"line":625,"column":36}},"176":{"start":{"line":626,"column":3},"end":{"line":626,"column":31}},"177":{"start":{"line":627,"column":9},"end":{"line":687,"column":3}},"178":{"start":{"line":628,"column":3},"end":{"line":628,"column":113}},"179":{"start":{"line":629,"column":3},"end":{"line":629,"column":31}},"180":{"start":{"line":631,"column":3},"end":{"line":631,"column":263}},"181":{"start":{"line":632,"column":3},"end":{"line":632,"column":51}},"182":{"start":{"line":634,"column":3},"end":{"line":634,"column":268}},"183":{"start":{"line":635,"column":3},"end":{"line":635,"column":40}},"184":{"start":{"line":636,"column":3},"end":{"line":636,"column":36}},"185":{"start":{"line":637,"column":3},"end":{"line":637,"column":40}},"186":{"start":{"line":639,"column":3},"end":{"line":639,"column":44}},"187":{"start":{"line":640,"column":3},"end":{"line":640,"column":40}},"188":{"start":{"line":641,"column":3},"end":{"line":641,"column":296}},"189":{"start":{"line":642,"column":3},"end":{"line":642,"column":40}},"190":{"start":{"line":644,"column":3},"end":{"line":644,"column":36}},"191":{"start":{"line":645,"column":3},"end":{"line":645,"column":31}},"192":{"start":{"line":646,"column":9},"end":{"line":687,"column":3}},"193":{"start":{"line":647,"column":3},"end":{"line":647,"column":115}},"194":{"start":{"line":648,"column":3},"end":{"line":648,"column":31}},"195":{"start":{"line":650,"column":3},"end":{"line":650,"column":39}},"196":{"start":{"line":651,"column":3},"end":{"line":651,"column":108}},"197":{"start":{"line":653,"column":3},"end":{"line":653,"column":56}},"198":{"start":{"line":654,"column":3},"end":{"line":654,"column":40}},"199":{"start":{"line":655,"column":3},"end":{"line":655,"column":296}},"200":{"start":{"line":656,"column":3},"end":{"line":656,"column":40}},"201":{"start":{"line":658,"column":3},"end":{"line":658,"column":113}},"202":{"start":{"line":659,"column":3},"end":{"line":659,"column":40}},"203":{"start":{"line":660,"column":3},"end":{"line":660,"column":36}},"204":{"start":{"line":661,"column":3},"end":{"line":661,"column":40}},"205":{"start":{"line":663,"column":3},"end":{"line":663,"column":36}},"206":{"start":{"line":664,"column":3},"end":{"line":664,"column":31}},"207":{"start":{"line":665,"column":9},"end":{"line":687,"column":3}},"208":{"start":{"line":666,"column":3},"end":{"line":666,"column":115}},"209":{"start":{"line":667,"column":3},"end":{"line":667,"column":31}},"210":{"start":{"line":669,"column":3},"end":{"line":669,"column":108}},"211":{"start":{"line":670,"column":3},"end":{"line":670,"column":39}},"212":{"start":{"line":672,"column":3},"end":{"line":672,"column":113}},"213":{"start":{"line":673,"column":3},"end":{"line":673,"column":40}},"214":{"start":{"line":674,"column":3},"end":{"line":674,"column":36}},"215":{"start":{"line":675,"column":3},"end":{"line":675,"column":40}},"216":{"start":{"line":677,"column":3},"end":{"line":677,"column":56}},"217":{"start":{"line":678,"column":3},"end":{"line":678,"column":40}},"218":{"start":{"line":679,"column":3},"end":{"line":679,"column":296}},"219":{"start":{"line":680,"column":3},"end":{"line":680,"column":40}},"220":{"start":{"line":682,"column":3},"end":{"line":682,"column":36}},"221":{"start":{"line":683,"column":3},"end":{"line":683,"column":31}},"222":{"start":{"line":686,"column":3},"end":{"line":686,"column":31}},"223":{"start":{"line":689,"column":1},"end":{"line":689,"column":114}},"224":{"start":{"line":690,"column":1},"end":{"line":690,"column":25}},"225":{"start":{"line":698,"column":0},"end":{"line":751,"column":2}},"226":{"start":{"line":699,"column":1},"end":{"line":699,"column":17}},"227":{"start":{"line":701,"column":1},"end":{"line":705,"column":2}},"228":{"start":{"line":702,"column":2},"end":{"line":704,"column":93}},"229":{"start":{"line":707,"column":1},"end":{"line":708,"column":25}},"230":{"start":{"line":710,"column":1},"end":{"line":710,"column":46}},"231":{"start":{"line":711,"column":1},"end":{"line":750,"column":14}},"232":{"start":{"line":719,"column":3},"end":{"line":719,"column":74}},"233":{"start":{"line":722,"column":3},"end":{"line":726,"column":4}},"234":{"start":{"line":723,"column":4},"end":{"line":723,"column":25}},"235":{"start":{"line":725,"column":4},"end":{"line":725,"column":15}},"236":{"start":{"line":729,"column":3},"end":{"line":729,"column":14}},"237":{"start":{"line":732,"column":3},"end":{"line":732,"column":28}},"238":{"start":{"line":735,"column":3},"end":{"line":735,"column":19}},"239":{"start":{"line":738,"column":3},"end":{"line":738,"column":57}},"240":{"start":{"line":741,"column":3},"end":{"line":741,"column":44}},"241":{"start":{"line":744,"column":3},"end":{"line":744,"column":45}},"242":{"start":{"line":745,"column":3},"end":{"line":745,"column":21}},"243":{"start":{"line":748,"column":3},"end":{"line":748,"column":84}},"244":{"start":{"line":759,"column":0},"end":{"line":768,"column":2}},"245":{"start":{"line":760,"column":1},"end":{"line":760,"column":17}},"246":{"start":{"line":761,"column":1},"end":{"line":761,"column":116}},"247":{"start":{"line":762,"column":1},"end":{"line":762,"column":191}},"248":{"start":{"line":763,"column":1},"end":{"line":765,"column":33}},"249":{"start":{"line":767,"column":1},"end":{"line":767,"column":24}},"250":{"start":{"line":776,"column":0},"end":{"line":785,"column":2}},"251":{"start":{"line":777,"column":1},"end":{"line":777,"column":17}},"252":{"start":{"line":778,"column":1},"end":{"line":778,"column":69}},"253":{"start":{"line":779,"column":1},"end":{"line":779,"column":83}},"254":{"start":{"line":780,"column":1},"end":{"line":782,"column":21}},"255":{"start":{"line":784,"column":1},"end":{"line":784,"column":65}},"256":{"start":{"line":796,"column":0},"end":{"line":829,"column":2}},"257":{"start":{"line":797,"column":1},"end":{"line":797,"column":17}},"258":{"start":{"line":798,"column":1},"end":{"line":798,"column":27}},"259":{"start":{"line":800,"column":1},"end":{"line":827,"column":4}},"260":{"start":{"line":801,"column":2},"end":{"line":801,"column":17}},"261":{"start":{"line":802,"column":2},"end":{"line":802,"column":12}},"262":{"start":{"line":803,"column":2},"end":{"line":803,"column":134}},"263":{"start":{"line":804,"column":2},"end":{"line":806,"column":44}},"264":{"start":{"line":808,"column":2},"end":{"line":808,"column":29}},"265":{"start":{"line":809,"column":2},"end":{"line":826,"column":3}},"266":{"start":{"line":810,"column":3},"end":{"line":810,"column":157}},"267":{"start":{"line":812,"column":3},"end":{"line":812,"column":68}},"268":{"start":{"line":813,"column":3},"end":{"line":813,"column":19}},"269":{"start":{"line":814,"column":3},"end":{"line":814,"column":27}},"270":{"start":{"line":815,"column":3},"end":{"line":815,"column":27}},"271":{"start":{"line":816,"column":3},"end":{"line":816,"column":27}},"272":{"start":{"line":818,"column":3},"end":{"line":824,"column":4}},"273":{"start":{"line":819,"column":4},"end":{"line":819,"column":29}},"274":{"start":{"line":820,"column":4},"end":{"line":820,"column":44}},"275":{"start":{"line":822,"column":4},"end":{"line":822,"column":28}},"276":{"start":{"line":823,"column":4},"end":{"line":823,"column":43}},"277":{"start":{"line":825,"column":3},"end":{"line":825,"column":33}},"278":{"start":{"line":828,"column":1},"end":{"line":828,"column":25}},"279":{"start":{"line":837,"column":0},"end":{"line":860,"column":2}},"280":{"start":{"line":838,"column":1},"end":{"line":838,"column":17}},"281":{"start":{"line":839,"column":1},"end":{"line":839,"column":60}},"282":{"start":{"line":840,"column":1},"end":{"line":859,"column":45}},"283":{"start":{"line":848,"column":3},"end":{"line":848,"column":15}},"284":{"start":{"line":851,"column":3},"end":{"line":851,"column":15}},"285":{"start":{"line":854,"column":3},"end":{"line":854,"column":15}},"286":{"start":{"line":857,"column":3},"end":{"line":857,"column":15}},"287":{"start":{"line":867,"column":0},"end":{"line":920,"column":2}},"288":{"start":{"line":868,"column":1},"end":{"line":868,"column":17}},"289":{"start":{"line":870,"column":1},"end":{"line":870,"column":17}},"290":{"start":{"line":871,"column":1},"end":{"line":871,"column":17}},"291":{"start":{"line":872,"column":1},"end":{"line":872,"column":35}},"292":{"start":{"line":873,"column":1},"end":{"line":885,"column":4}},"293":{"start":{"line":874,"column":2},"end":{"line":877,"column":3}},"294":{"start":{"line":875,"column":3},"end":{"line":875,"column":21}},"295":{"start":{"line":876,"column":3},"end":{"line":876,"column":15}},"296":{"start":{"line":878,"column":2},"end":{"line":883,"column":3}},"297":{"start":{"line":879,"column":3},"end":{"line":879,"column":20}},"298":{"start":{"line":880,"column":3},"end":{"line":880,"column":34}},"299":{"start":{"line":881,"column":3},"end":{"line":881,"column":29}},"300":{"start":{"line":882,"column":3},"end":{"line":882,"column":42}},"301":{"start":{"line":884,"column":2},"end":{"line":884,"column":12}},"302":{"start":{"line":887,"column":1},"end":{"line":891,"column":11}},"303":{"start":{"line":893,"column":1},"end":{"line":905,"column":42}},"304":{"start":{"line":896,"column":3},"end":{"line":896,"column":19}},"305":{"start":{"line":899,"column":3},"end":{"line":899,"column":15}},"306":{"start":{"line":902,"column":3},"end":{"line":902,"column":73}},"307":{"start":{"line":907,"column":1},"end":{"line":919,"column":42}},"308":{"start":{"line":910,"column":3},"end":{"line":910,"column":19}},"309":{"start":{"line":913,"column":3},"end":{"line":913,"column":19}},"310":{"start":{"line":916,"column":3},"end":{"line":916,"column":73}},"311":{"start":{"line":928,"column":0},"end":{"line":936,"column":2}},"312":{"start":{"line":929,"column":1},"end":{"line":929,"column":17}},"313":{"start":{"line":930,"column":1},"end":{"line":935,"column":29}},"314":{"start":{"line":932,"column":3},"end":{"line":932,"column":167}},"315":{"start":{"line":944,"column":0},"end":{"line":985,"column":2}},"316":{"start":{"line":945,"column":1},"end":{"line":945,"column":17}},"317":{"start":{"line":946,"column":1},"end":{"line":962,"column":3}},"318":{"start":{"line":947,"column":2},"end":{"line":951,"column":5}},"319":{"start":{"line":948,"column":3},"end":{"line":948,"column":19}},"320":{"start":{"line":950,"column":3},"end":{"line":950,"column":19}},"321":{"start":{"line":952,"column":2},"end":{"line":955,"column":5}},"322":{"start":{"line":956,"column":2},"end":{"line":959,"column":24}},"323":{"start":{"line":960,"column":2},"end":{"line":960,"column":34}},"324":{"start":{"line":961,"column":2},"end":{"line":961,"column":15}},"325":{"start":{"line":964,"column":1},"end":{"line":964,"column":60}},"326":{"start":{"line":965,"column":1},"end":{"line":984,"column":5}},"327":{"start":{"line":973,"column":3},"end":{"line":973,"column":19}},"328":{"start":{"line":977,"column":3},"end":{"line":977,"column":74}},"329":{"start":{"line":981,"column":3},"end":{"line":983,"column":4}},"330":{"start":{"line":982,"column":4},"end":{"line":982,"column":18}},"331":{"start":{"line":994,"column":0},"end":{"line":1056,"column":2}},"332":{"start":{"line":995,"column":1},"end":{"line":995,"column":17}},"333":{"start":{"line":996,"column":1},"end":{"line":996,"column":36}},"334":{"start":{"line":997,"column":1},"end":{"line":997,"column":27}},"335":{"start":{"line":999,"column":1},"end":{"line":999,"column":47}},"336":{"start":{"line":1000,"column":1},"end":{"line":1000,"column":62}},"337":{"start":{"line":1001,"column":1},"end":{"line":1001,"column":40}},"338":{"start":{"line":1002,"column":1},"end":{"line":1002,"column":35}},"339":{"start":{"line":1003,"column":1},"end":{"line":1003,"column":56}},"340":{"start":{"line":1004,"column":1},"end":{"line":1004,"column":34}},"341":{"start":{"line":1005,"column":1},"end":{"line":1005,"column":26}},"342":{"start":{"line":1006,"column":1},"end":{"line":1006,"column":31}},"343":{"start":{"line":1008,"column":1},"end":{"line":1010,"column":2}},"344":{"start":{"line":1009,"column":2},"end":{"line":1009,"column":46}},"345":{"start":{"line":1012,"column":1},"end":{"line":1016,"column":2}},"346":{"start":{"line":1013,"column":2},"end":{"line":1013,"column":60}},"347":{"start":{"line":1014,"column":2},"end":{"line":1014,"column":55}},"348":{"start":{"line":1015,"column":2},"end":{"line":1015,"column":111}},"349":{"start":{"line":1018,"column":1},"end":{"line":1018,"column":68}},"350":{"start":{"line":1019,"column":1},"end":{"line":1019,"column":46}},"351":{"start":{"line":1020,"column":1},"end":{"line":1023,"column":2}},"352":{"start":{"line":1021,"column":2},"end":{"line":1021,"column":81}},"353":{"start":{"line":1022,"column":2},"end":{"line":1022,"column":57}},"354":{"start":{"line":1025,"column":1},"end":{"line":1028,"column":2}},"355":{"start":{"line":1026,"column":2},"end":{"line":1026,"column":30}},"356":{"start":{"line":1027,"column":2},"end":{"line":1027,"column":104}},"357":{"start":{"line":1030,"column":1},"end":{"line":1032,"column":2}},"358":{"start":{"line":1031,"column":2},"end":{"line":1031,"column":153}},"359":{"start":{"line":1034,"column":1},"end":{"line":1036,"column":2}},"360":{"start":{"line":1035,"column":2},"end":{"line":1035,"column":111}},"361":{"start":{"line":1037,"column":1},"end":{"line":1039,"column":2}},"362":{"start":{"line":1038,"column":2},"end":{"line":1038,"column":122}},"363":{"start":{"line":1040,"column":1},"end":{"line":1045,"column":2}},"364":{"start":{"line":1041,"column":2},"end":{"line":1041,"column":118}},"365":{"start":{"line":1042,"column":2},"end":{"line":1044,"column":3}},"366":{"start":{"line":1043,"column":3},"end":{"line":1043,"column":174}},"367":{"start":{"line":1046,"column":1},"end":{"line":1048,"column":2}},"368":{"start":{"line":1047,"column":2},"end":{"line":1047,"column":162}},"369":{"start":{"line":1050,"column":1},"end":{"line":1050,"column":109}},"370":{"start":{"line":1051,"column":1},"end":{"line":1053,"column":2}},"371":{"start":{"line":1052,"column":2},"end":{"line":1052,"column":157}},"372":{"start":{"line":1055,"column":1},"end":{"line":1055,"column":29}},"373":{"start":{"line":1065,"column":0},"end":{"line":1091,"column":2}},"374":{"start":{"line":1066,"column":1},"end":{"line":1066,"column":30}},"375":{"start":{"line":1067,"column":1},"end":{"line":1067,"column":15}},"376":{"start":{"line":1068,"column":1},"end":{"line":1068,"column":58}},"377":{"start":{"line":1069,"column":1},"end":{"line":1069,"column":23}},"378":{"start":{"line":1070,"column":1},"end":{"line":1072,"column":4}},"379":{"start":{"line":1071,"column":2},"end":{"line":1071,"column":33}},"380":{"start":{"line":1073,"column":1},"end":{"line":1089,"column":2}},"381":{"start":{"line":1074,"column":2},"end":{"line":1074,"column":40}},"382":{"start":{"line":1075,"column":2},"end":{"line":1075,"column":47}},"383":{"start":{"line":1076,"column":2},"end":{"line":1079,"column":4}},"384":{"start":{"line":1080,"column":2},"end":{"line":1080,"column":35}},"385":{"start":{"line":1081,"column":2},"end":{"line":1081,"column":52}},"386":{"start":{"line":1082,"column":2},"end":{"line":1087,"column":3}},"387":{"start":{"line":1083,"column":3},"end":{"line":1083,"column":36}},"388":{"start":{"line":1084,"column":3},"end":{"line":1084,"column":32}},"389":{"start":{"line":1085,"column":3},"end":{"line":1085,"column":30}},"390":{"start":{"line":1086,"column":3},"end":{"line":1086,"column":30}},"391":{"start":{"line":1088,"column":2},"end":{"line":1088,"column":33}},"392":{"start":{"line":1090,"column":1},"end":{"line":1090,"column":28}},"393":{"start":{"line":1103,"column":0},"end":{"line":1144,"column":2}},"394":{"start":{"line":1104,"column":1},"end":{"line":1104,"column":29}},"395":{"start":{"line":1105,"column":1},"end":{"line":1107,"column":2}},"396":{"start":{"line":1106,"column":2},"end":{"line":1106,"column":28}},"397":{"start":{"line":1108,"column":1},"end":{"line":1108,"column":17}},"398":{"start":{"line":1109,"column":1},"end":{"line":1109,"column":19}},"399":{"start":{"line":1110,"column":1},"end":{"line":1112,"column":4}},"400":{"start":{"line":1111,"column":2},"end":{"line":1111,"column":30}},"401":{"start":{"line":1114,"column":1},"end":{"line":1114,"column":51}},"402":{"start":{"line":1115,"column":1},"end":{"line":1115,"column":57}},"403":{"start":{"line":1117,"column":1},"end":{"line":1141,"column":4}},"404":{"start":{"line":1118,"column":2},"end":{"line":1118,"column":16}},"405":{"start":{"line":1119,"column":2},"end":{"line":1119,"column":20}},"406":{"start":{"line":1121,"column":2},"end":{"line":1121,"column":55}},"407":{"start":{"line":1122,"column":2},"end":{"line":1122,"column":55}},"408":{"start":{"line":1123,"column":2},"end":{"line":1123,"column":59}},"409":{"start":{"line":1124,"column":2},"end":{"line":1124,"column":59}},"410":{"start":{"line":1125,"column":2},"end":{"line":1125,"column":54}},"411":{"start":{"line":1126,"column":2},"end":{"line":1126,"column":54}},"412":{"start":{"line":1128,"column":2},"end":{"line":1128,"column":121}},"413":{"start":{"line":1129,"column":2},"end":{"line":1129,"column":121}},"414":{"start":{"line":1131,"column":2},"end":{"line":1134,"column":4}},"415":{"start":{"line":1135,"column":2},"end":{"line":1138,"column":4}},"416":{"start":{"line":1140,"column":2},"end":{"line":1140,"column":32}},"417":{"start":{"line":1143,"column":1},"end":{"line":1143,"column":27}},"418":{"start":{"line":1152,"column":0},"end":{"line":1165,"column":2}},"419":{"start":{"line":1153,"column":1},"end":{"line":1153,"column":17}},"420":{"start":{"line":1154,"column":1},"end":{"line":1154,"column":29}},"421":{"start":{"line":1155,"column":1},"end":{"line":1163,"column":4}},"422":{"start":{"line":1156,"column":2},"end":{"line":1156,"column":68}},"423":{"start":{"line":1157,"column":2},"end":{"line":1157,"column":105}},"424":{"start":{"line":1158,"column":2},"end":{"line":1158,"column":29}},"425":{"start":{"line":1159,"column":2},"end":{"line":1162,"column":3}},"426":{"start":{"line":1160,"column":3},"end":{"line":1160,"column":60}},"427":{"start":{"line":1161,"column":3},"end":{"line":1161,"column":68}},"428":{"start":{"line":1164,"column":1},"end":{"line":1164,"column":27}},"429":{"start":{"line":1172,"column":0},"end":{"line":1198,"column":2}},"430":{"start":{"line":1173,"column":1},"end":{"line":1173,"column":17}},"431":{"start":{"line":1174,"column":1},"end":{"line":1174,"column":46}},"432":{"start":{"line":1175,"column":1},"end":{"line":1175,"column":41}},"433":{"start":{"line":1176,"column":1},"end":{"line":1197,"column":5}},"434":{"start":{"line":1186,"column":3},"end":{"line":1186,"column":84}},"435":{"start":{"line":1189,"column":3},"end":{"line":1189,"column":26}},"436":{"start":{"line":1192,"column":3},"end":{"line":1192,"column":24}},"437":{"start":{"line":1195,"column":3},"end":{"line":1195,"column":102}},"438":{"start":{"line":1196,"column":3},"end":{"line":1196,"column":23}},"439":{"start":{"line":1205,"column":0},"end":{"line":1227,"column":2}},"440":{"start":{"line":1206,"column":1},"end":{"line":1206,"column":17}},"441":{"start":{"line":1207,"column":1},"end":{"line":1207,"column":45}},"442":{"start":{"line":1209,"column":1},"end":{"line":1226,"column":27}},"443":{"start":{"line":1217,"column":3},"end":{"line":1219,"column":6}},"444":{"start":{"line":1220,"column":3},"end":{"line":1222,"column":6}},"445":{"start":{"line":1223,"column":3},"end":{"line":1223,"column":42}},"446":{"start":{"line":1224,"column":3},"end":{"line":1224,"column":38}},"447":{"start":{"line":1234,"column":0},"end":{"line":1249,"column":2}},"448":{"start":{"line":1235,"column":1},"end":{"line":1235,"column":17}},"449":{"start":{"line":1236,"column":1},"end":{"line":1236,"column":45}},"450":{"start":{"line":1237,"column":1},"end":{"line":1248,"column":5}},"451":{"start":{"line":1247,"column":3},"end":{"line":1247,"column":74}},"452":{"start":{"line":1257,"column":0},"end":{"line":1267,"column":2}},"453":{"start":{"line":1258,"column":1},"end":{"line":1258,"column":17}},"454":{"start":{"line":1259,"column":1},"end":{"line":1259,"column":49}},"455":{"start":{"line":1260,"column":1},"end":{"line":1260,"column":58}},"456":{"start":{"line":1261,"column":1},"end":{"line":1261,"column":36}},"457":{"start":{"line":1262,"column":1},"end":{"line":1262,"column":37}},"458":{"start":{"line":1263,"column":1},"end":{"line":1263,"column":58}},"459":{"start":{"line":1264,"column":1},"end":{"line":1264,"column":36}},"460":{"start":{"line":1265,"column":1},"end":{"line":1265,"column":31}},"461":{"start":{"line":1266,"column":1},"end":{"line":1266,"column":22}},"462":{"start":{"line":1275,"column":0},"end":{"line":1277,"column":2}},"463":{"start":{"line":1276,"column":1},"end":{"line":1276,"column":52}},"464":{"start":{"line":1291,"column":0},"end":{"line":1303,"column":2}},"465":{"start":{"line":1292,"column":1},"end":{"line":1302,"column":2}},"466":{"start":{"line":1293,"column":2},"end":{"line":1293,"column":66}},"467":{"start":{"line":1294,"column":8},"end":{"line":1302,"column":2}},"468":{"start":{"line":1295,"column":2},"end":{"line":1295,"column":64}},"469":{"start":{"line":1296,"column":8},"end":{"line":1302,"column":2}},"470":{"start":{"line":1297,"column":2},"end":{"line":1297,"column":94}},"471":{"start":{"line":1299,"column":2},"end":{"line":1299,"column":55}},"472":{"start":{"line":1300,"column":2},"end":{"line":1300,"column":23}},"473":{"start":{"line":1301,"column":2},"end":{"line":1301,"column":53}},"474":{"start":{"line":1311,"column":0},"end":{"line":1313,"column":2}},"475":{"start":{"line":1312,"column":1},"end":{"line":1312,"column":50}},"476":{"start":{"line":1326,"column":0},"end":{"line":1339,"column":2}},"477":{"start":{"line":1327,"column":1},"end":{"line":1338,"column":2}},"478":{"start":{"line":1328,"column":2},"end":{"line":1328,"column":66}},"479":{"start":{"line":1329,"column":8},"end":{"line":1338,"column":2}},"480":{"start":{"line":1330,"column":2},"end":{"line":1330,"column":64}},"481":{"start":{"line":1331,"column":8},"end":{"line":1338,"column":2}},"482":{"start":{"line":1332,"column":2},"end":{"line":1332,"column":94}},"483":{"start":{"line":1334,"column":2},"end":{"line":1334,"column":26}},"484":{"start":{"line":1335,"column":2},"end":{"line":1335,"column":53}},"485":{"start":{"line":1336,"column":2},"end":{"line":1336,"column":23}},"486":{"start":{"line":1337,"column":2},"end":{"line":1337,"column":51}},"487":{"start":{"line":1347,"column":0},"end":{"line":1349,"column":2}},"488":{"start":{"line":1348,"column":1},"end":{"line":1348,"column":50}},"489":{"start":{"line":1361,"column":0},"end":{"line":1374,"column":2}},"490":{"start":{"line":1362,"column":1},"end":{"line":1373,"column":2}},"491":{"start":{"line":1363,"column":2},"end":{"line":1363,"column":66}},"492":{"start":{"line":1364,"column":8},"end":{"line":1373,"column":2}},"493":{"start":{"line":1365,"column":2},"end":{"line":1365,"column":64}},"494":{"start":{"line":1366,"column":8},"end":{"line":1373,"column":2}},"495":{"start":{"line":1367,"column":2},"end":{"line":1367,"column":94}},"496":{"start":{"line":1369,"column":2},"end":{"line":1369,"column":24}},"497":{"start":{"line":1370,"column":2},"end":{"line":1370,"column":52}},"498":{"start":{"line":1371,"column":2},"end":{"line":1371,"column":23}},"499":{"start":{"line":1372,"column":2},"end":{"line":1372,"column":51}},"500":{"start":{"line":1382,"column":0},"end":{"line":1384,"column":2}},"501":{"start":{"line":1383,"column":1},"end":{"line":1383,"column":51}},"502":{"start":{"line":1397,"column":0},"end":{"line":1410,"column":2}},"503":{"start":{"line":1398,"column":1},"end":{"line":1409,"column":2}},"504":{"start":{"line":1399,"column":2},"end":{"line":1399,"column":66}},"505":{"start":{"line":1400,"column":8},"end":{"line":1409,"column":2}},"506":{"start":{"line":1401,"column":2},"end":{"line":1401,"column":64}},"507":{"start":{"line":1402,"column":8},"end":{"line":1409,"column":2}},"508":{"start":{"line":1403,"column":2},"end":{"line":1403,"column":94}},"509":{"start":{"line":1405,"column":2},"end":{"line":1405,"column":26}},"510":{"start":{"line":1406,"column":2},"end":{"line":1406,"column":54}},"511":{"start":{"line":1407,"column":2},"end":{"line":1407,"column":23}},"512":{"start":{"line":1408,"column":2},"end":{"line":1408,"column":52}},"513":{"start":{"line":1418,"column":0},"end":{"line":1421,"column":2}},"514":{"start":{"line":1419,"column":1},"end":{"line":1419,"column":27}},"515":{"start":{"line":1420,"column":1},"end":{"line":1420,"column":51}},"516":{"start":{"line":1434,"column":0},"end":{"line":1447,"column":2}},"517":{"start":{"line":1435,"column":1},"end":{"line":1446,"column":2}},"518":{"start":{"line":1436,"column":2},"end":{"line":1436,"column":66}},"519":{"start":{"line":1437,"column":8},"end":{"line":1446,"column":2}},"520":{"start":{"line":1438,"column":2},"end":{"line":1438,"column":64}},"521":{"start":{"line":1439,"column":8},"end":{"line":1446,"column":2}},"522":{"start":{"line":1440,"column":2},"end":{"line":1440,"column":94}},"523":{"start":{"line":1442,"column":2},"end":{"line":1442,"column":30}},"524":{"start":{"line":1443,"column":2},"end":{"line":1443,"column":56}},"525":{"start":{"line":1444,"column":2},"end":{"line":1444,"column":23}},"526":{"start":{"line":1445,"column":2},"end":{"line":1445,"column":52}},"527":{"start":{"line":1455,"column":0},"end":{"line":1457,"column":2}},"528":{"start":{"line":1456,"column":1},"end":{"line":1456,"column":25}},"529":{"start":{"line":1465,"column":0},"end":{"line":1473,"column":2}},"530":{"start":{"line":1466,"column":1},"end":{"line":1472,"column":2}},"531":{"start":{"line":1467,"column":2},"end":{"line":1467,"column":20}},"532":{"start":{"line":1468,"column":2},"end":{"line":1468,"column":26}},"533":{"start":{"line":1470,"column":2},"end":{"line":1470,"column":22}},"534":{"start":{"line":1471,"column":2},"end":{"line":1471,"column":26}},"535":{"start":{"line":1481,"column":0},"end":{"line":1483,"column":2}},"536":{"start":{"line":1482,"column":1},"end":{"line":1482,"column":48}},"537":{"start":{"line":1495,"column":0},"end":{"line":1508,"column":2}},"538":{"start":{"line":1496,"column":1},"end":{"line":1507,"column":2}},"539":{"start":{"line":1497,"column":2},"end":{"line":1497,"column":66}},"540":{"start":{"line":1498,"column":8},"end":{"line":1507,"column":2}},"541":{"start":{"line":1499,"column":2},"end":{"line":1499,
[...]
53":{"line":2066,"type":"cond-expr","locations":[{"start":{"line":2066,"column":183},"end":{"line":2066,"column":245}},{"start":{"line":2066,"column":248},"end":{"line":2066,"column":395}}]},"154":{"line":2067,"type":"cond-expr","locations":[{"start":{"line":2067,"column":179},"end":{"line":2067,"column":241}},{"start":{"line":2067,"column":244},"end":{"line":2067,"column":389}}]},"155":{"line":2069,"type":"if","locations":[{"start":{"line":2069,"column":5},"end":{"line":2069,"column":5}},{"start":{"line":2069,"column":5},"end":{"line":2069,"column":5}}]},"156":{"line":2069,"type":"binary-expr","locations":[{"start":{"line":2069,"column":9},"end":{"line":2069,"column":32}},{"start":{"line":2069,"column":36},"end":{"line":2069,"column":47}},{"start":{"line":2069,"column":51},"end":{"line":2069,"column":113}}]},"157":{"line":2113,"type":"if","locations":[{"start":{"line":2113,"column":12},"end":{"line":2113,"column":12}},{"start":{"line":2113,"column":12},"end":{"line":2113,"column":12}}]},"158":{"line":2113,"type":"binary-expr","locations":[{"start":{"line":2113,"column":16},"end":{"line":2113,"column":39}},{"start":{"line":2113,"column":43},"end":{"line":2113,"column":54}},{"start":{"line":2113,"column":58},"end":{"line":2113,"column":120}}]},"159":{"line":2157,"type":"if","locations":[{"start":{"line":2157,"column":12},"end":{"line":2157,"column":12}},{"start":{"line":2157,"column":12},"end":{"line":2157,"column":12}}]},"160":{"line":2157,"type":"binary-expr","locations":[{"start":{"line":2157,"column":16},"end":{"line":2157,"column":39}},{"start":{"line":2157,"column":43},"end":{"line":2157,"column":54}},{"start":{"line":2157,"column":58},"end":{"line":2157,"column":119}}]},"161":{"line":2201,"type":"if","locations":[{"start":{"line":2201,"column":12},"end":{"line":2201,"column":12}},{"start":{"line":2201,"column":12},"end":{"line":2201,"column":12}}]},"162":{"line":2201,"type":"binary-expr","locations":[{"start":{"line":2201,"column":16},"end":{"line":2201,"column":39}},{"start":{"line":2201,"column":43},"end":{"line":2201,"column":54}},{"start":{"line":2201,"column":58},"end":{"line":2201,"column":119}}]},"163":{"line":2269,"type":"if","locations":[{"start":{"line":2269,"column":11},"end":{"line":2269,"column":11}},{"start":{"line":2269,"column":11},"end":{"line":2269,"column":11}}]},"164":{"line":2292,"type":"if","locations":[{"start":{"line":2292,"column":11},"end":{"line":2292,"column":11}},{"start":{"line":2292,"column":11},"end":{"line":2292,"column":11}}]},"165":{"line":2340,"type":"if","locations":[{"start":{"line":2340,"column":3},"end":{"line":2340,"column":3}},{"start":{"line":2340,"column":3},"end":{"line":2340,"column":3}}]},"166":{"line":2361,"type":"if","locations":[{"start":{"line":2361,"column":3},"end":{"line":2361,"column":3}},{"start":{"line":2361,"column":3},"end":{"line":2361,"column":3}}]},"167":{"line":2362,"type":"binary-expr","locations":[{"start":{"line":2362,"column":11},"end":{"line":2362,"column":71}},{"start":{"line":2362,"column":76},"end":{"line":2362,"column":137}},{"start":{"line":2362,"column":141},"end":{"line":2362,"column":184}}]},"168":{"line":2370,"type":"if","locations":[{"start":{"line":2370,"column":3},"end":{"line":2370,"column":3}},{"start":{"line":2370,"column":3},"end":{"line":2370,"column":3}}]},"169":{"line":2378,"type":"if","locations":[{"start":{"line":2378,"column":3},"end":{"line":2378,"column":3}},{"start":{"line":2378,"column":3},"end":{"line":2378,"column":3}}]},"170":{"line":2396,"type":"if","locations":[{"start":{"line":2396,"column":3},"end":{"line":2396,"column":3}},{"start":{"line":2396,"column":3},"end":{"line":2396,"column":3}}]},"171":{"line":2398,"type":"if","locations":[{"start":{"line":2398,"column":4},"end":{"line":2398,"column":4}},{"start":{"line":2398,"column":4},"end":{"line":2398,"column":4}}]},"172":{"line":2400,"type":"if","locations":[{"start":{"line":2400,"column":11},"end":{"line":2400,"column":11}},{"start":{"line":2400,"column":11},"end":{"line":2400,"column":11}}]},"173":{"line":2408,"type":"if","locations":[{"start":{"line":2408,"column":4},"end":{"line":2408,"column":4}},{"start":{"line":2408,"column":4},"end":{"line":2408,"column":4}}]},"174":{"line":2410,"type":"if","locations":[{"start":{"line":2410,"column":11},"end":{"line":2410,"column":11}},{"start":{"line":2410,"column":11},"end":{"line":2410,"column":11}}]},"175":{"line":2420,"type":"if","locations":[{"start":{"line":2420,"column":3},"end":{"line":2420,"column":3}},{"start":{"line":2420,"column":3},"end":{"line":2420,"column":3}}]},"176":{"line":2437,"type":"if","locations":[{"start":{"line":2437,"column":3},"end":{"line":2437,"column":3}},{"start":{"line":2437,"column":3},"end":{"line":2437,"column":3}}]},"177":{"line":2438,"type":"binary-expr","locations":[{"start":{"line":2438,"column":11},"end":{"line":2438,"column":72}},{"start":{"line":2438,"column":77},"end":{"line":2438,"column":138}},{"start":{"line":2438,"column":142},"end":{"line":2438,"column":185}}]},"178":{"line":2446,"type":"if","locations":[{"start":{"line":2446,"column":5},"end":{"line":2446,"column":5}},{"start":{"line":2446,"column":5},"end":{"line":2446,"column":5}}]},"179":{"line":2458,"type":"if","locations":[{"start":{"line":2458,"column":5},"end":{"line":2458,"column":5}},{"start":{"line":2458,"column":5},"end":{"line":2458,"column":5}}]},"180":{"line":2460,"type":"if","locations":[{"start":{"line":2460,"column":12},"end":{"line":2460,"column":12}},{"start":{"line":2460,"column":12},"end":{"line":2460,"column":12}}]},"181":{"line":2469,"type":"if","locations":[{"start":{"line":2469,"column":5},"end":{"line":2469,"column":5}},{"start":{"line":2469,"column":5},"end":{"line":2469,"column":5}}]},"182":{"line":2526,"type":"if","locations":[{"start":{"line":2526,"column":1},"end":{"line":2526,"column":1}},{"start":{"line":2526,"column":1},"end":{"line":2526,"column":1}}]},"183":{"line":2526,"type":"binary-expr","locations":[{"start":{"line":2526,"column":5},"end":{"line":2526,"column":37}},{"start":{"line":2526,"column":41},"end":{"line":2526,"column":78}}]},"184":{"line":2552,"type":"if","locations":[{"start":{"line":2552,"column":1},"end":{"line":2552,"column":1}},{"start":{"line":2552,"column":1},"end":{"line":2552,"column":1}}]},"185":{"line":2554,"type":"if","locations":[{"start":{"line":2554,"column":8},"end":{"line":2554,"column":8}},{"start":{"line":2554,"column":8},"end":{"line":2554,"column":8}}]},"186":{"line":2556,"type":"if","locations":[{"start":{"line":2556,"column":8},"end":{"line":2556,"column":8}},{"start":{"line":2556,"column":8},"end":{"line":2556,"column":8}}]},"187":{"line":2560,"type":"if","locations":[{"start":{"line":2560,"column":2},"end":{"line":2560,"column":2}},{"start":{"line":2560,"column":2},"end":{"line":2560,"column":2}}]},"188":{"line":2591,"type":"if","locations":[{"start":{"line":2591,"column":1},"end":{"line":2591,"column":1}},{"start":{"line":2591,"column":1},"end":{"line":2591,"column":1}}]},"189":{"line":2593,"type":"if","locations":[{"start":{"line":2593,"column":8},"end":{"line":2593,"column":8}},{"start":{"line":2593,"column":8},"end":{"line":2593,"column":8}}]},"190":{"line":2595,"type":"if","locations":[{"start":{"line":2595,"column":8},"end":{"line":2595,"column":8}},{"start":{"line":2595,"column":8},"end":{"line":2595,"column":8}}]},"191":{"line":2637,"type":"if","locations":[{"start":{"line":2637,"column":1},"end":{"line":2637,"column":1}},{"start":{"line":2637,"column":1},"end":{"line":2637,"column":1}}]},"192":{"line":2640,"type":"if","locations":[{"start":{"line":2640,"column":1},"end":{"line":2640,"column":1}},{"start":{"line":2640,"column":1},"end":{"line":2640,"column":1}}]},"193":{"line":2643,"type":"if","locations":[{"start":{"line":2643,"column":1},"end":{"line":2643,"column":1}},{"start":{"line":2643,"column":1},"end":{"line":2643,"column":1}}]},"194":{"line":2667,"type":"if","locations":[{"start":{"line":2667,"column":1},"end":{"line":2667,"column":1}},{"start":{"line":2667,"column":1},"end":{"line":2667,"column":1}}]},"195":{"line":2696,"type":"if","locations":[{"start":{"line":2696,"column":1},"end":{"line":2696,"column":1}},{"start":{"line":2696,"column":1},"end":{"line":2696,"column":1}}]},"196":{"line":2698,"type":"if","locations":[{"start":{"line":2698,"column":8},"end":{"line":2698,"column":8}},{"start":{"line":2698,"column":8},"end":{"line":2698,"column":8}}]},"197":{"line":2700,"type":"if","locations":[{"start":{"line":2700,"column":8},"end":{"line":2700,"column":8}},{"start":{"line":2700,"column":8},"end":{"line":2700,"column":8}}]},"198":{"line":2727,"type":"if","locations":[{"start":{"line":2727,"column":1},"end":{"line":2727,"column":1}},{"start":{"line":2727,"column":1},"end":{"line":2727,"column":1}}]},"199":{"line":2756,"type":"if","locations":[{"start":{"line":2756,"column":1},"end":{"line":2756,"column":1}},{"start":{"line":2756,"column":1},"end":{"line":2756,"column":1}}]},"200":{"line":2758,"type":"if","locations":[{"start":{"line":2758,"column":8},"end":{"line":2758,"column":8}},{"start":{"line":2758,"column":8},"end":{"line":2758,"column":8}}]},"201":{"line":2760,"type":"if","locations":[{"start":{"line":2760,"column":8},"end":{"line":2760,"column":8}},{"start":{"line":2760,"column":8},"end":{"line":2760,"column":8}}]},"202":{"line":2896,"type":"if","locations":[{"start":{"line":2896,"column":1},"end":{"line":2896,"column":1}},{"start":{"line":2896,"column":1},"end":{"line":2896,"column":1}}]},"203":{"line":2923,"type":"if","locations":[{"start":{"line":2923,"column":1},"end":{"line":2923,"column":1}},{"start":{"line":2923,"column":1},"end":{"line":2923,"column":1}}]},"204":{"line":2942,"type":"cond-expr","locations":[{"start":{"line":2942,"column":36},"end":{"line":2942,"column":37}},{"start":{"line":2942,"column":40},"end":{"line":2942,"column":41}}]},"205":{"line":2945,"type":"if","locations":[{"start":{"line":2945,"column":2},"end":{"line":2945,"column":2}},{"start":{"line":2945,"column":2},"end":{"line":2945,"column":2}}]},"206":{"line":2945,"type":"binary-expr","locations":[{"start":{"line":2945,"column":6},"end":{"line":2945,"column":53}},{"start":{"line":2945,"column":57},"end":{"line":2945,"column":114}}]},"207":{"line":2948,"type":"if","locations":[{"start":{"line":2948,"column":2},"end":{"line":2948,"column":2}},{"start":{"line":2948,"column":2},"end":{"line":2948,"column":2}}]},"208":{"line":2948,"type":"binary-expr","locations":[{"start":{"line":2948,"column":6},"end":{"line":2948,"column":53}},{"start":{"line":2948,"column":57},"end":{"line":2948,"column":114}}]},"209":{"line":2951,"type":"if","locations":[{"start":{"line":2951,"column":2},"end":{"line":2951,"column":2}},{"start":{"line":2951,"column":2},"end":{"line":2951,"column":2}}]},"210":{"line":2967,"type":"if","locations":[{"start":{"line":2967,"column":1},"end":{"line":2967,"column":1}},{"start":{"line":2967,"column":1},"end":{"line":2967,"column":1}}]},"211":{"line":2972,"type":"if","locations":[{"start":{"line":2972,"column":2},"end":{"line":2972,"column":2}},{"start":{"line":2972,"column":2},"end":{"line":2972,"column":2}}]},"212":{"line":2976,"type":"if","locations":[{"start":{"line":2976,"column":2},"end":{"line":2976,"column":2}},{"start":{"line":2976,"column":2},"end":{"line":2976,"column":2}}]},"213":{"line":2976,"type":"binary-expr","locations":[{"start":{"line":2976,"column":6},"end":{"line":2976,"column":33}},{"start":{"line":2976,"column":37},"end":{"line":2976,"column":78}}]},"214":{"line":2978,"type":"binary-expr","locations":[{"start":{"line":2978,"column":16},"end":{"line":2978,"column":28}},{"start":{"line":2978,"column":32},"end":{"line":2978,"column":33}}]},"215":{"line":2979,"type":"binary-expr","locations":[{"start":{"line":2979,"column":14},"end":{"line":2979,"column":24}},{"start":{"line":2979,"column":28},"end":{"line":2979,"column":67}}]},"216":{"line":2995,"type":"if","locations":[{"start":{"line":2995,"column":1},"end":{"line":2995,"column":1}},{"start":{"line":2995,"column":1},"end":{"line":2995,"column":1}}]},"217":{"line":3021,"type":"if","locations":[{"start":{"line":3021,"column":2},"end":{"line":3021,"column":2}},{"start":{"line":3021,"column":2},"end":{"line":3021,"column":2}}]},"218":{"line":3038,"type":"if","locations":[{"start":{"line":3038,"column":1},"end":{"line":3038,"column":1}},{"start":{"line":3038,"column":1},"end":{"line":3038,"column":1}}]},"219":{"line":3038,"type":"binary-expr","locations":[{"start":{"line":3038,"column":6},"end":{"line":3038,"column":26}},{"start":{"line":3038,"column":31},"end":{"line":3038,"column":51}},{"start":{"line":3038,"column":55},"end":{"line":3038,"column":67}},{"start":{"line":3038,"column":74},"end":{"line":3038,"column":137}},{"start":{"line":3038,"column":142},"end":{"line":3038,"column":205}},{"start":{"line":3038,"column":209},"end":{"line":3038,"column":221}}]},"220":{"line":3043,"type":"if","locations":[{"start":{"line":3043,"column":8},"end":{"line":3043,"column":8}},{"start":{"line":3043,"column":8},"end":{"line":3043,"column":8}}]},"221":{"line":3043,"type":"binary-expr","locations":[{"start":{"line":3043,"column":12},"end":{"line":3043,"column":32}},{"start":{"line":3043,"column":36},"end":{"line":3043,"column":48}}]},"222":{"line":3079,"type":"if","locations":[{"start":{"line":3079,"column":1},"end":{"line":3079,"column":1}},{"start":{"line":3079,"column":1},"end":{"line":3079,"column":1}}]},"223":{"line":3084,"type":"if","locations":[{"start":{"line":3084,"column":8},"end":{"line":3084,"column":8}},{"start":{"line":3084,"column":8},"end":{"line":3084,"column":8}}]},"224":{"line":3086,"type":"cond-expr","locations":[{"start":{"line":3086,"column":18},"end":{"line":3086,"column":34}},{"start":{"line":3086,"column":37},"end":{"line":3086,"column":38}}]},"225":{"line":3088,"type":"cond-expr","locations":[{"start":{"line":3088,"column":18},"end":{"line":3088,"column":34}},{"start":{"line":3088,"column":38},"end":{"line":3088,"column":43}}]},"226":{"line":3091,"type":"if","locations":[{"start":{"line":3091,"column":1},"end":{"line":3091,"column":1}},{"start":{"line":3091,"column":1},"end":{"line":3091,"column":1}}]},"227":{"line":3091,"type":"binary-expr","locations":[{"start":{"line":3091,"column":5},"end":{"line":3091,"column":17}},{"start":{"line":3091,"column":21},"end":{"line":3091,"column":43}}]},"228":{"line":3095,"type":"if","locations":[{"start":{"line":3095,"column":8},"end":{"line":3095,"column":8}},{"start":{"line":3095,"column":8},"end":{"line":3095,"column":8}}]},"229":{"line":3095,"type":"binary-expr","locations":[{"start":{"line":3095,"column":12},"end":{"line":3095,"column":24}},{"start":{"line":3095,"column":28},"end":{"line":3095,"column":50}}]},"230":{"line":3130,"type":"if","locations":[{"start":{"line":3130,"column":1},"end":{"line":3130,"column":1}},{"start":{"line":3130,"column":1},"end":{"line":3130,"column":1}}]},"231":{"line":3132,"type":"if","locations":[{"start":{"line":3132,"column":8},"end":{"line":3132,"column":8}},{"start":{"line":3132,"column":8},"end":{"line":3132,"column":8}}]},"232":{"line":3155,"type":"if","locations":[{"start":{"line":3155,"column":1},"end":{"line":3155,"column":1}},{"start":{"line":3155,"column":1},"end":{"line":3155,"column":1}}]},"233":{"line":3166,"type":"if","locations":[{"start":{"line":3166,"column":1},"end":{"line":3166,"column":1}},{"start":{"line":3166,"column":1},"end":{"line":3166,"column":1}}]},"234":{"line":3216,"type":"if","locations":[{"start":{"line":3216,"column":1},"end":{"line":3216,"column":1}},{"start":{"line":3216,"column":1},"end":{"line":3216,"column":1}}]},"235":{"line":3224,"type":"if","locations":[{"start":{"line":3224,"column":3},"end":{"line":3224,"column":3}},{"start":{"line":3224,"column":3},"end":{"line":3224,"column":3}}]},"236":{"line":3245,"type":"if","locations":[{"start":{"line":3245,"column":2},"end":{"line":3245,"column":2}},{"start":{"line":3245,"column":2},"end":{"line":3245,"column":2}}]},"237":{"line":3250,"type":"if","locations":[{"start":{"line":3250,"column":5},"end":{"line":3250,"column":5}},{"start":{"line":3250,"column":5},"end":{"line":3250,"column":5}}]},"238":{"line":3253,"type":"if","locations":[{"start":{"line":3253,"column":5},"end":{"line":3253,"column":5}},{"start":{"line":3253,"column":5},"end":{"line":3253,"column":5}}]},"239":{"line":3263,"type":"if","locations":[{"start":{"line":3263,"column":4},"end":{"line":3263,"column":4}},{"start":{"line":3263,"column":4},"end":{"line":3263,"column":4}}]},"240":{"line":3289,"type":"if","locations":[{"start":{"line":3289,"column":2},"end":{"line":3289,"column":2}},{"start":{"line":3289,"column":2},"end":{"line":3289,"column":2}}]},"241":{"line":3292,"type":"if","locations":[{"start":{"line":3292,"column":2},"end":{"line":3292,"column":2}},{"start":{"line":3292,"column":2},"end":{"line":3292,"column":2}}]},"242":{"line":3295,"type":"if","locations":[{"start":{"line":3295,"column":9},"end":{"line":3295,"column":9}},{"start":{"line":3295,"column":9},"end":{"line":3295,"column":9}}]},"243":{"line":3335,"type":"if","locations":[{"start":{"line":3335,"column":1},"end":{"line":3335,"column":1}},{"start":{"line":3335,"column":1},"end":{"line":3335,"column":1}}]},"244":{"line":3441,"type":"if","locations":[{"start":{"line":3441,"column":2},"end":{"line":3441,"column":2}},{"start":{"line":3441,"column":2},"end":{"line":3441,"column":2}}]},"245":{"line":3442,"type":"if","locations":[{"start":{"line":3442,"column":3},"end":{"line":3442,"column":3}},{"start":{"line":3442,"column":3},"end":{"line":3442,"column":3}}]},"246":{"line":3442,"type":"binary-expr","locations":[{"start":{"line":3442,"column":7},"end":{"line":3442,"column":71}},{"start":{"line":3442,"column":76},"end":{"line":3442,"column":115}},{"start":{"line":3442,"column":119},"end":{"line":3442,"column":171}},{"start":{"line":3442,"column":175},"end":{"line":3442,"column":241}}]},"247":{"line":3446,"type":"if","locations":[{"start":{"line":3446,"column":3},"end":{"line":3446,"column":3}},{"start":{"line":3446,"column":3},"end":{"line":3446,"column":3}}]},"248":{"line":3446,"type":"binary-expr","locations":[{"start":{"line":3446,"column":7},"end":{"line":3446,"column":72}},{"start":{"line":3446,"column":77},"end":{"line":3446,"column":116}},{"start":{"line":3446,"column":120},"end":{"line":3446,"column":172}},{"start":{"line":3446,"column":176},"end":{"line":3446,"column":242}}]},"249":{"line":3488,"type":"if","locations":[{"start":{"line":3488,"column":1},"end":{"line":3488,"column":1}},{"start":{"line":3488,"column":1},"end":{"line":3488,"column":1}}]},"250":{"line":3488,"type":"binary-expr","locations":[{"start":{"line":3488,"column":5},"end":{"line":3488,"column":44}},{"start":{"line":3488,"column":48},"end":{"line":3488,"column":97}}]},"251":{"line":3491,"type":"if","locations":[{"start":{"line":3491,"column":1},"end":{"line":3491,"column":1}},{"start":{"line":3491,"column":1},"end":{"line":3491,"column":1}}]},"252":{"line":3491,"type":"binary-expr","locations":[{"start":{"line":3491,"column":6},"end":{"line":3491,"column":45}},{"start":{"line":3491,"column":49},"end":{"line":3491,"column":98}},{"start":{"line":3491,"column":103},"end":{"line":3491,"column":135}},{"start":{"line":3491,"column":139},"end":{"line":3491,"column":176}}]},"253":{"line":3515,"type":"if","locations":[{"start":{"line":3515,"column":1},"end":{"line":3515,"column":1}},{"start":{"line":3515,"column":1},"end":{"line":3515,"column":1}}]},"254":{"line":3515,"type":"binary-expr","locations":[{"start":{"line":3515,"column":5},"end":{"line":3515,"column":23}},{"start":{"line":3515,"column":27},"end":{"line":3515,"column":45}}]},"255":{"line":3517,"type":"if","locations":[{"start":{"line":3517,"column":8},"end":{"line":3517,"column":8}},{"start":{"line":3517,"column":8},"end":{"line":3517,"column":8}}]},"256":{"line":3517,"type":"binary-expr","locations":[{"start":{"line":3517,"column":12},"end":{"line":3517,"column":27}},{"start":{"line":3517,"column":31},"end":{"line":3517,"column":46}}]}}}}