TN:
SF:d3/js/AliTV.js
FN:22,AliTV
FN:273,(anonymous_2)
FN:289,(anonymous_3)
FN:323,(anonymous_4)
FN:350,(anonymous_5)
FN:378,(anonymous_6)
FN:420,(anonymous_7)
FN:448,(anonymous_8)
FN:467,(anonymous_9)
FN:474,(anonymous_10)
FN:535,(anonymous_11)
FN:545,(anonymous_12)
FN:548,(anonymous_13)
FN:698,(anonymous_14)
FN:701,dragEvent
FN:718,(anonymous_16)
FN:721,(anonymous_17)
FN:728,(anonymous_18)
FN:731,(anonymous_19)
FN:734,(anonymous_20)
FN:737,(anonymous_21)
FN:740,(anonymous_22)
FN:743,(anonymous_23)
FN:747,(anonymous_24)
FN:759,(anonymous_25)
FN:776,(anonymous_26)
FN:796,(anonymous_27)
FN:800,(anonymous_28)
FN:837,(anonymous_29)
FN:847,(anonymous_30)
FN:850,(anonymous_31)
FN:853,(anonymous_32)
FN:856,(anonymous_33)
FN:867,(anonymous_34)
FN:873,(anonymous_35)
FN:895,(anonymous_36)
FN:898,(anonymous_37)
FN:901,(anonymous_38)
FN:909,(anonymous_39)
FN:912,(anonymous_40)
FN:915,(anonymous_41)
FN:928,(anonymous_42)
FN:931,(anonymous_43)
FN:944,(anonymous_44)
FN:946,(anonymous_45)
FN:947,(anonymous_46)
FN:949,(anonymous_47)
FN:972,(anonymous_48)
FN:976,(anonymous_49)
FN:980,(anonymous_50)
FN:994,(anonymous_51)
FN:1065,(anonymous_52)
FN:1070,(anonymous_53)
FN:1103,(anonymous_54)
FN:1110,(anonymous_55)
FN:1117,(anonymous_56)
FN:1152,(anonymous_57)
FN:1155,(anonymous_58)
FN:1172,(anonymous_59)
FN:1185,(anonymous_60)
FN:1188,(anonymous_61)
FN:1191,(anonymous_62)
FN:1194,(anonymous_63)
FN:1205,(anonymous_64)
FN:1216,(anonymous_65)
FN:1234,(anonymous_66)
FN:1246,(anonymous_67)
FN:1257,(anonymous_68)
FN:1275,(anonymous_69)
FN:1291,(anonymous_70)
FN:1311,(anonymous_71)
FN:1326,(anonymous_72)
FN:1347,(anonymous_73)
FN:1361,(anonymous_74)
FN:1382,(anonymous_75)
FN:1397,(anonymous_76)
FN:1418,(anonymous_77)
FN:1434,(anonymous_78)
FN:1455,(anonymous_79)
FN:1465,(anonymous_80)
FN:1481,(anonymous_81)
FN:1495,(anonymous_82)
FN:1515,(anonymous_83)
FN:1525,(anonymous_84)
FN:1535,(anonymous_85)
FN:1548,(anonymous_86)
FN:1572,(anonymous_87)
FN:1592,(anonymous_88)
FN:1610,(anonymous_89)
FN:1623,(anonymous_90)
FN:1643,(anonymous_91)
FN:1657,(anonymous_92)
FN:1678,(anonymous_93)
FN:1697,(anonymous_94)
FN:1700,(anonymous_95)
FN:1714,(anonymous_96)
FN:1718,(anonymous_97)
FN:1721,(anonymous_98)
FN:1736,(anonymous_99)
FN:1739,(anonymous_100)
FN:1742,(anonymous_101)
FN:1758,(anonymous_102)
FN:1773,(anonymous_103)
FN:1777,(anonymous_104)
FN:1780,(anonymous_105)
FN:1795,(anonymous_106)
FN:1799,(anonymous_107)
FN:1814,(anonymous_108)
FN:1819,(anonymous_109)
FN:1838,(anonymous_110)
FN:1852,(anonymous_111)
FN:1853,(anonymous_112)
FN:1868,(anonymous_113)
FN:1895,(anonymous_114)
FN:1914,(anonymous_115)
FN:1929,(anonymous_116)
FN:1942,(anonymous_117)
FN:1959,(anonymous_118)
FN:1963,(anonymous_119)
FN:1968,(anonymous_120)
FN:1979,(anonymous_121)
FN:2328,(anonymous_122)
FN:2339,(anonymous_123)
FN:2360,(anonymous_124)
FN:2368,(anonymous_125)
FN:2377,(anonymous_126)
FN:2384,(anonymous_127)
FN:2387,(anonymous_128)
FN:2390,(anonymous_129)
FN:2393,(anonymous_130)
FN:2418,(anonymous_131)
FN:2427,(anonymous_132)
FN:2430,(anonymous_133)
FN:2436,(anonymous_134)
FN:2441,(anonymous_135)
FN:2444,(anonymous_136)
FN:2454,(anonymous_137)
FN:2467,(anonymous_138)
FN:2482,(anonymous_139)
FN:2486,(anonymous_140)
FN:2502,(anonymous_141)
FN:2512,(anonymous_142)
FN:2515,(anonymous_143)
FN:2518,(anonymous_144)
FN:2537,(anonymous_145)
FN:2551,(anonymous_146)
FN:2575,(anonymous_147)
FN:2590,(anonymous_148)
FN:2610,(anonymous_149)
FN:2622,(anonymous_150)
FN:2636,(anonymous_151)
FN:2655,(anonymous_152)
FN:2666,(anonymous_153)
FN:2682,(anonymous_154)
FN:2695,(anonymous_155)
FN:2716,(anonymous_156)
FN:2726,(anonymous_157)
FN:2742,(anonymous_158)
FN:2755,(anonymous_159)
FN:2776,(anonymous_160)
FN:2789,(anonymous_161)
FN:2791,(anonymous_162)
FN:2805,(anonymous_163)
FN:2817,(anonymous_164)
FN:2819,(anonymous_165)
FN:2830,(anonymous_166)
FN:2850,(anonymous_167)
FN:2865,(anonymous_168)
FN:2867,(anonymous_169)
FN:2881,(anonymous_170)
FN:2894,(anonymous_171)
FN:2921,(anonymous_172)
FN:2939,(anonymous_173)
FN:2943,(anonymous_174)
FN:2963,(anonymous_175)
FN:2994,(anonymous_176)
FN:3007,(anonymous_177)
FN:3018,(anonymous_178)
FN:3020,(anonymous_179)
FN:3034,(anonymous_180)
FN:3060,(anonymous_181)
FN:3073,(anonymous_182)
FN:3115,(anonymous_183)
FN:3129,(anonymous_184)
FN:3145,(anonymous_185)
FN:3154,(anonymous_186)
FN:3165,(anonymous_187)
FN:3169,(anonymous_188)
FN:3178,(anonymous_189)
FN:3186,(anonymous_190)
FN:3199,(anonymous_191)
FN:3215,(anonymous_192)
FN:3221,(anonymous_193)
FN:3243,(anonymous_194)
FN:3282,(anonymous_195)
FN:3288,(anonymous_196)
FN:3327,(anonymous_197)
FN:3329,(anonymous_198)
FN:3362,(anonymous_199)
FN:3392,(anonymous_200)
FN:3402,(anonymous_201)
FN:3412,(anonymous_202)
FN:3422,(anonymous_203)
FN:3434,(anonymous_204)
FN:3437,(anonymous_205)
FN:3464,(anonymous_206)
FN:3474,(anonymous_207)
FN:3477,(anonymous_208)
FN:3480,(anonymous_209)
FN:3501,(anonymous_210)
FN:3514,(anonymous_211)
FNF:211
FNH:205
FNDA:201,AliTV
FNDA:11,(anonymous_2)
FNDA:4,(anonymous_3)
FNDA:2,(anonymous_4)
FNDA:6,(anonymous_5)
FNDA:177,(anonymous_6)
FNDA:174,(anonymous_7)
FNDA:99,(anonymous_8)
FNDA:259,(anonymous_9)
FNDA:232,(anonymous_10)
FNDA:55,(anonymous_11)
FNDA:125,(anonymous_12)
FNDA:61,(anonymous_13)
FNDA:45,(anonymous_14)
FNDA:0,dragEvent
FNDA:99,(anonymous_16)
FNDA:99,(anonymous_17)
FNDA:99,(anonymous_18)
FNDA:99,(anonymous_19)
FNDA:99,(anonymous_20)
FNDA:4,(anonymous_21)
FNDA:1,(anonymous_22)
FNDA:5,(anonymous_23)
FNDA:99,(anonymous_24)
FNDA:69,(anonymous_25)
FNDA:133,(anonymous_26)
FNDA:43,(anonymous_27)
FNDA:89,(anonymous_28)
FNDA:40,(anonymous_29)
FNDA:1230,(anonymous_30)
FNDA:1230,(anonymous_31)
FNDA:1230,(anonymous_32)
FNDA:1230,(anonymous_33)
FNDA:38,(anonymous_34)
FNDA:1180,(anonymous_35)
FNDA:118,(anonymous_36)
FNDA:118,(anonymous_37)
FNDA:118,(anonymous_38)
FNDA:118,(anonymous_39)
FNDA:118,(anonymous_40)
FNDA:118,(anonymous_41)
FNDA:10,(anonymous_42)
FNDA:24,(anonymous_43)
FNDA:41,(anonymous_44)
FNDA:53,(anonymous_45)
FNDA:106,(anonymous_46)
FNDA:106,(anonymous_47)
FNDA:53,(anonymous_48)
FNDA:53,(anonymous_49)
FNDA:53,(anonymous_50)
FNDA:38,(anonymous_51)
FNDA:25,(anonymous_52)
FNDA:65,(anonymous_53)
FNDA:12,(anonymous_54)
FNDA:29,(anonymous_55)
FNDA:18,(anonymous_56)
FNDA:9,(anonymous_57)
FNDA:21,(anonymous_58)
FNDA:13,(anonymous_59)
FNDA:33,(anonymous_60)
FNDA:4,(anonymous_61)
FNDA:1,(anonymous_62)
FNDA:1,(anonymous_63)
FNDA:7,(anonymous_64)
FNDA:257,(anonymous_65)
FNDA:9,(anonymous_66)
FNDA:14,(anonymous_67)
FNDA:6,(anonymous_68)
FNDA:5,(anonymous_69)
FNDA:8,(anonymous_70)
FNDA:176,(anonymous_71)
FNDA:8,(anonymous_72)
FNDA:812,(anonymous_73)
FNDA:19,(anonymous_74)
FNDA:909,(anonymous_75)
FNDA:20,(anonymous_76)
FNDA:5,(anonymous_77)
FNDA:8,(anonymous_78)
FNDA:2,(anonymous_79)
FNDA:2,(anonymous_80)
FNDA:5,(anonymous_81)
FNDA:8,(anonymous_82)
FNDA:541,(anonymous_83)
FNDA:162,(anonymous_84)
FNDA:5,(anonymous_85)
FNDA:8,(anonymous_86)
FNDA:9,(anonymous_87)
FNDA:8,(anonymous_88)
FNDA:3,(anonymous_89)
FNDA:3,(anonymous_90)
FNDA:3,(anonymous_91)
FNDA:3,(anonymous_92)
FNDA:169,(anonymous_93)
FNDA:6,(anonymous_94)
FNDA:26,(anonymous_95)
FNDA:3,(anonymous_96)
FNDA:16,(anonymous_97)
FNDA:44,(anonymous_98)
FNDA:101,(anonymous_99)
FNDA:270,(anonymous_100)
FNDA:273,(anonymous_101)
FNDA:68,(anonymous_102)
FNDA:69,(anonymous_103)
FNDA:172,(anonymous_104)
FNDA:97,(anonymous_105)
FNDA:69,(anonymous_106)
FNDA:100,(anonymous_107)
FNDA:68,(anonymous_108)
FNDA:88,(anonymous_109)
FNDA:70,(anonymous_110)
FNDA:69,(anonymous_111)
FNDA:74,(anonymous_112)
FNDA:7,(anonymous_113)
FNDA:0,(anonymous_114)
FNDA:0,(anonymous_115)
FNDA:0,(anonymous_116)
FNDA:10,(anonymous_117)
FNDA:64,(anonymous_118)
FNDA:124,(anonymous_119)
FNDA:138,(anonymous_120)
FNDA:359,(anonymous_121)
FNDA:48,(anonymous_122)
FNDA:33,(anonymous_123)
FNDA:33,(anonymous_124)
FNDA:23,(anonymous_125)
FNDA:23,(anonymous_126)
FNDA:23,(anonymous_127)
FNDA:23,(anonymous_128)
FNDA:23,(anonymous_129)
FNDA:23,(anonymous_130)
FNDA:23,(anonymous_131)
FNDA:70,(anonymous_132)
FNDA:70,(anonymous_133)
FNDA:33,(anonymous_134)
FNDA:10,(anonymous_135)
FNDA:10,(anonymous_136)
FNDA:10,(anonymous_137)
FNDA:10,(anonymous_138)
FNDA:30,(anonymous_139)
FNDA:64,(anonymous_140)
FNDA:28,(anonymous_141)
FNDA:59,(anonymous_142)
FNDA:59,(anonymous_143)
FNDA:59,(anonymous_144)
FNDA:84,(anonymous_145)
FNDA:246,(anonymous_146)
FNDA:5,(anonymous_147)
FNDA:208,(anonymous_148)
FNDA:1,(anonymous_149)
FNDA:39,(anonymous_150)
FNDA:1,(anonymous_151)
FNDA:31,(anonymous_152)
FNDA:3,(anonymous_153)
FNDA:33,(anonymous_154)
FNDA:7,(anonymous_155)
FNDA:121,(anonymous_156)
FNDA:3,(anonymous_157)
FNDA:81,(anonymous_158)
FNDA:7,(anonymous_159)
FNDA:7,(anonymous_160)
FNDA:3,(anonymous_161)
FNDA:8,(anonymous_162)
FNDA:1,(anonymous_163)
FNDA:172,(anonymous_164)
FNDA:478,(anonymous_165)
FNDA:45,(anonymous_166)
FNDA:5,(anonymous_167)
FNDA:3,(anonymous_168)
FNDA:5,(anonymous_169)
FNDA:1,(anonymous_170)
FNDA:455,(anonymous_171)
FNDA:273,(anonymous_172)
FNDA:56,(anonymous_173)
FNDA:79,(anonymous_174)
FNDA:9,(anonymous_175)
FNDA:1,(anonymous_176)
FNDA:1,(anonymous_177)
FNDA:1,(anonymous_178)
FNDA:2,(anonymous_179)
FNDA:4,(anonymous_180)
FNDA:7,(anonymous_181)
FNDA:5,(anonymous_182)
FNDA:4,(anonymous_183)
FNDA:6,(anonymous_184)
FNDA:2,(anonymous_185)
FNDA:9,(anonymous_186)
FNDA:930,(anonymous_187)
FNDA:6,(anonymous_188)
FNDA:1,(anonymous_189)
FNDA:1,(anonymous_190)
FNDA:1,(anonymous_191)
FNDA:12,(anonymous_192)
FNDA:110,(anonymous_193)
FNDA:36,(anonymous_194)
FNDA:39,(anonymous_195)
FNDA:157,(anonymous_196)
FNDA:0,(anonymous_197)
FNDA:0,(anonymous_198)
FNDA:39,(anonymous_199)
FNDA:2,(anonymous_200)
FNDA:2,(anonymous_201)
FNDA:2,(anonymous_202)
FNDA:2,(anonymous_203)
FNDA:41,(anonymous_204)
FNDA:16,(anonymous_205)
FNDA:40,(anonymous_206)
FNDA:12,(anonymous_207)
FNDA:12,(anonymous_208)
FNDA:12,(anonymous_209)
FNDA:46,(anonymous_210)
FNDA:5,(anonymous_211)
DA:10,1
DA:22,1
DA:26,201
DA:30,201
DA:57,201
DA:79,201
DA:152,201
DA:255,201
DA:262,201
DA:267,201
DA:269,201
DA:270,201
DA:271,201
DA:273,201
DA:275,11
DA:276,3
DA:278,8
DA:279,8
DA:290,4
DA:291,4
DA:292,4
DA:307,4
DA:308,2
DA:309,2
DA:311,2
DA:314,4
DA:315,2
DA:316,2
DA:318,2
DA:321,4
DA:324,2
DA:325,2
DA:326,2
DA:332,2
DA:333,2
DA:334,2
DA:336,2
DA:350,1
DA:351,6
DA:352,6
DA:378,1
DA:379,177
DA:380,177
DA:420,1
DA:421,174
DA:422,174
DA:423,7
DA:425,174
DA:426,28
DA:428,174
DA:429,22
DA:431,174
DA:432,28
DA:434,174
DA:435,170
DA:437,174
DA:448,1
DA:449,99
DA:450,99
DA:451,99
DA:452,99
DA:453,99
DA:454,99
DA:455,99
DA:456,99
DA:458,99
DA:459,99
DA:460,99
DA:462,99
DA:463,232
DA:464,232
DA:467,99
DA:468,259
DA:470,99
DA:471,99
DA:474,99
DA:475,232
DA:477,232
DA:478,232
DA:479,232
DA:480,4
DA:482,232
DA:483,232
DA:484,3
DA:486,229
DA:489,232
DA:492,232
DA:495,99
DA:496,232
DA:499,99
DA:500,259
DA:501,259
DA:502,259
DA:508,259
DA:510,259
DA:511,222
DA:512,222
DA:514,37
DA:515,37
DA:517,259
DA:518,259
DA:520,99
DA:535,1
DA:536,55
DA:537,55
DA:538,1
DA:540,54
DA:541,54
DA:542,54
DA:543,54
DA:544,54
DA:545,54
DA:546,125
DA:548,54
DA:549,61
DA:550,61
DA:551,61
DA:552,61
DA:553,61
DA:554,61
DA:555,61
DA:556,61
DA:557,61
DA:558,61
DA:559,61
DA:560,61
DA:561,61
DA:562,61
DA:563,61
DA:564,61
DA:565,61
DA:566,61
DA:567,61
DA:568,61
DA:569,61
DA:570,61
DA:571,61
DA:572,61
DA:573,61
DA:575,61
DA:576,1
DA:577,1
DA:578,1
DA:579,1
DA:580,1
DA:581,1
DA:582,1
DA:583,1
DA:584,1
DA:587,61
DA:588,61
DA:590,61
DA:594,61
DA:598,61
DA:599,61
DA:600,61
DA:601,61
DA:603,61
DA:604,61
DA:605,61
DA:606,61
DA:608,61
DA:609,9
DA:611,9
DA:612,9
DA:613,9
DA:615,9
DA:616,9
DA:617,9
DA:618,9
DA:620,9
DA:621,9
DA:622,9
DA:623,9
DA:625,9
DA:626,9
DA:627,52
DA:628,1
DA:629,1
DA:631,1
DA:632,1
DA:634,1
DA:635,1
DA:636,1
DA:637,1
DA:639,1
DA:640,1
DA:641,1
DA:642,1
DA:644,1
DA:645,1
DA:646,51
DA:647,1
DA:648,1
DA:650,1
DA:651,1
DA:653,1
DA:654,1
DA:655,1
DA:656,1
DA:658,1
DA:659,1
DA:660,1
DA:661,1
DA:663,1
DA:664,1
DA:665,50
DA:666,1
DA:667,1
DA:669,1
DA:670,1
DA:672,1
DA:673,1
DA:674,1
DA:675,1
DA:677,1
DA:678,1
DA:679,1
DA:680,1
DA:682,1
DA:683,1
DA:686,49
DA:689,54
DA:690,54
DA:698,1
DA:699,45
DA:701,1
DA:702,0
DA:707,45
DA:710,45
DA:711,45
DA:719,99
DA:722,99
DA:723,26
DA:725,73
DA:729,99
DA:732,99
DA:735,99
DA:738,4
DA:741,1
DA:744,5
DA:745,5
DA:748,99
DA:759,1
DA:760,69
DA:761,69
DA:762,69
DA:763,69
DA:767,69
DA:776,1
DA:777,133
DA:778,133
DA:779,133
DA:780,133
DA:784,133
DA:796,1
DA:797,43
DA:798,43
DA:800,43
DA:801,89
DA:802,89
DA:803,89
DA:804,89
DA:808,89
DA:809,89
DA:810,1320
DA:812,1320
DA:813,1320
DA:814,1320
DA:815,1320
DA:816,1320
DA:818,1320
DA:819,124
DA:820,124
DA:822,1196
DA:823,1196
DA:825,1320
DA:828,43
DA:837,1
DA:838,40
DA:839,40
DA:840,40
DA:848,1230
DA:851,1230
DA:854,1230
DA:857,1230
DA:867,1
DA:868,38
DA:870,38
DA:871,38
DA:872,38
DA:873,38
DA:874,1180
DA:875,80
DA:876,80
DA:878,1180
DA:879,118
DA:880,118
DA:881,118
DA:882,118
DA:884,1180
DA:887,38
DA:893,38
DA:896,118
DA:899,118
DA:902,118
DA:907,38
DA:910,118
DA:913,118
DA:916,118
DA:928,1
DA:929,10
DA:930,10
DA:932,24
DA:944,1
DA:945,41
DA:946,41
DA:947,53
DA:948,106
DA:950,106
DA:952,53
DA:956,53
DA:960,53
DA:961,53
DA:964,41
DA:965,41
DA:973,53
DA:977,53
DA:981,53
DA:982,12
DA:994,1
DA:995,38
DA:996,38
DA:997,38
DA:999,38
DA:1000,38
DA:1001,38
DA:1002,38
DA:1003,38
DA:1004,38
DA:1005,38
DA:1006,38
DA:1008,38
DA:1009,37
DA:1012,38
DA:1013,27
DA:1014,27
DA:1015,27
DA:1018,38
DA:1019,38
DA:1020,38
DA:1021,38
DA:1022,38
DA:1025,38
DA:1026,6
DA:1027,6
DA:1030,38
DA:1031,4
DA:1034,38
DA:1035,4
DA:1037,38
DA:1038,1
DA:1040,38
DA:1041,27
DA:1042,27
DA:1043,1
DA:1046,38
DA:1047,3
DA:1050,38
DA:1051,38
DA:1052,0
DA:1055,38
DA:1065,1
DA:1066,25
DA:1067,25
DA:1068,25
DA:1069,25
DA:1070,25
DA:1071,65
DA:1073,25
DA:1074,65
DA:1075,65
DA:1076,65
DA:1080,65
DA:1081,65
DA:1082,65
DA:1083,5
DA:1084,5
DA:1085,5
DA:1086,5
DA:1088,65
DA:1090,25
DA:1103,1
DA:1104,12
DA:1105,12
DA:1106,1
DA:1108,11
DA:1109,11
DA:1110,11
DA:1111,29
DA:1114,11
DA:1115,11
DA:1117,11
DA:1118,18
DA:1119,18
DA:1121,18
DA:1122,18
DA:1123,18
DA:1124,18
DA:1125,18
DA:1126,18
DA:1128,18
DA:1129,18
DA:1131,18
DA:1135,18
DA:1140,18
DA:1143,11
DA:1152,1
DA:1153,9
DA:1154,9
DA:1155,9
DA:1156,21
DA:1157,21
DA:1158,21
DA:1159,21
DA:1160,321
DA:1161,321
DA:1164,9
DA:1172,1
DA:1173,13
DA:1174,13
DA:1175,13
DA:1176,13
DA:1186,33
DA:1189,4
DA:1192,1
DA:1195,1
DA:1196,1
DA:1205,1
DA:1206,7
DA:1207,7
DA:1209,7
DA:1217,257
DA:1220,257
DA:1223,257
DA:1224,257
DA:1234,1
DA:1235,9
DA:1236,9
DA:1237,9
DA:1247,14
DA:1257,1
DA:1258,6
DA:1259,6
DA:1260,6
DA:1261,6
DA:1262,6
DA:1263,6
DA:1264,6
DA:1265,6
DA:1266,6
DA:1275,1
DA:1276,5
DA:1291,1
DA:1292,8
DA:1293,1
DA:1294,7
DA:1295,1
DA:1296,6
DA:1297,2
DA:1299,4
DA:1300,4
DA:1301,4
DA:1311,1
DA:1312,176
DA:1326,1
DA:1327,8
DA:1328,1
DA:1329,7
DA:1330,1
DA:1331,6
DA:1332,2
DA:1334,4
DA:1335,4
DA:1336,4
DA:1337,4
DA:1347,1
DA:1348,812
DA:1361,1
DA:1362,19
DA:1363,1
DA:1364,18
DA:1365,1
DA:1366,17
DA:1367,2
DA:1369,15
DA:1370,15
DA:1371,15
DA:1372,15
DA:1382,1
DA:1383,909
DA:1397,1
DA:1398,20
DA:1399,1
DA:1400,19
DA:1401,1
DA:1402,18
DA:1403,2
DA:1405,16
DA:1406,16
DA:1407,16
DA:1408,16
DA:1418,1
DA:1419,5
DA:1420,5
DA:1434,1
DA:1435,8
DA:1436,1
DA:1437,7
DA:1438,1
DA:1439,6
DA:1440,2
DA:1442,4
DA:1443,4
DA:1444,4
DA:1445,4
DA:1455,1
DA:1456,2
DA:1465,1
DA:1466,2
DA:1467,1
DA:1468,1
DA:1470,1
DA:1471,1
DA:1481,1
DA:1482,5
DA:1495,1
DA:1496,8
DA:1497,1
DA:1498,7
DA:1499,1
DA:1500,6
DA:1501,2
DA:1503,4
DA:1504,4
DA:1505,4
DA:1506,4
DA:1515,1
DA:1516,541
DA:1517,541
DA:1525,1
DA:1526,162
DA:1527,162
DA:1535,1
DA:1536,5
DA:1537,5
DA:1548,1
DA:1549,8
DA:1550,1
DA:1551,7
DA:1552,1
DA:1553,6
DA:1554,2
DA:1556,4
DA:1557,4
DA:1558,4
DA:1559,4
DA:1572,1
DA:1573,9
DA:1574,1
DA:1576,8
DA:1577,1
DA:1579,7
DA:1580,7
DA:1592,1
DA:1593,8
DA:1594,1
DA:1596,7
DA:1597,1
DA:1599,6
DA:1600,6
DA:1601,6
DA:1610,1
DA:1611,3
DA:1612,3
DA:1613,3
DA:1614,3
DA:1623,1
DA:1624,3
DA:1625,3
DA:1626,1
DA:1628,2
DA:1629,2
DA:1630,2
DA:1631,2
DA:1632,2
DA:1633,2
DA:1643,1
DA:1644,3
DA:1645,3
DA:1646,3
DA:1647,3
DA:1648,3
DA:1657,1
DA:1658,3
DA:1659,3
DA:1660,1
DA:1662,2
DA:1663,2
DA:1664,2
DA:1665,2
DA:1666,2
DA:1667,2
DA:1668,2
DA:1669,2
DA:1678,1
DA:1679,169
DA:1680,169
DA:1681,4
DA:1683,165
DA:1685,4
DA:1686,2
DA:1688,4
DA:1697,1
DA:1698,6
DA:1699,6
DA:1700,6
DA:1701,26
DA:1702,21
DA:1705,6
DA:1714,1
DA:1715,3
DA:1716,3
DA:1717,3
DA:1718,3
DA:1719,16
DA:1720,16
DA:1721,16
DA:1722,44
DA:1723,11
DA:1727,3
DA:1736,1
DA:1737,101
DA:1738,101
DA:1739,101
DA:1740,270
DA:1742,101
DA:1743,273
DA:1744,270
DA:1747,101
DA:1758,1
DA:1759,68
DA:1760,68
DA:1761,68
DA:1762,68
DA:1763,68
DA:1773,1
DA:1774,69
DA:1775,69
DA:1776,69
DA:1777,69
DA:1778,172
DA:1780,69
DA:1781,97
DA:1782,97
DA:1783,97
DA:1784,96
DA:1787,69
DA:1795,1
DA:1796,69
DA:1797,69
DA:1798,69
DA:1799,69
DA:1800,100
DA:1801,100
DA:1802,91
DA:1805,69
DA:1814,1
DA:1815,68
DA:1816,68
DA:1817,68
DA:1818,68
DA:1819,68
DA:1820,88
DA:1821,88
DA:1822,88
DA:1823,88
DA:1824,88
DA:1825,88
DA:1826,87
DA:1829,68
DA:1838,1
DA:1839,70
DA:1840,70
DA:1841,70
DA:1842,6
DA:1843,12
DA:1844,12
DA:1845,12
DA:1846,12
DA:1847,12
DA:1848,12
DA:1852,64
DA:1853,69
DA:1854,74
DA:1855,74
DA:1860,70
DA:1868,1
DA:1869,7
DA:1870,7
DA:1871,7
DA:1872,7
DA:1874,7
DA:1886,7
DA:1889,0
DA:1893,0
DA:1896,0
DA:1900,0
DA:1902,0
DA:1905,0
DA:1906,0
DA:1915,0
DA:1920,0
DA:1930,0
DA:1942,1
DA:1943,10
DA:1944,3
DA:1946,7
DA:1959,1
DA:1960,64
DA:1961,64
DA:1963,64
DA:1965,124
DA:1966,42
DA:1968,82
DA:1969,138
DA:1970,138
DA:1971,138
DA:1972,138
DA:1973,138
DA:1974,138
DA:1975,138
DA:1976,138
DA:1977,138
DA:1978,138
DA:1979,138
DA:1980,359
DA:1981,138
DA:1982,138
DA:1983,138
DA:1986,138
DA:1987,138
DA:1989,77
DA:1992,61
DA:1996,61
DA:1997,40
DA:2003,40
DA:2004,34
DA:2005,34
DA:2006,6
DA:2007,3
DA:2008,3
DA:2009,3
DA:2010,3
DA:2011,3
DA:2015,40
DA:2016,40
DA:2018,40
DA:2019,40
DA:2021,40
DA:2022,0
DA:2023,0
DA:2025,0
DA:2034,0
DA:2035,40
DA:2041,1
DA:2042,1
DA:2043,1
DA:2045,1
DA:2054,1
DA:2056,39
DA:2058,21
DA:2059,21
DA:2064,21
DA:2065,21
DA:2066,19
DA:2067,19
DA:2069,19
DA:2070,1
DA:2084,1
DA:2089,1
DA:2090,1
DA:2112,1
DA:2113,18
DA:2114,1
DA:2128,1
DA:2133,1
DA:2134,1
DA:2156,1
DA:2157,17
DA:2158,1
DA:2172,1
DA:2177,1
DA:2178,1
DA:2200,1
DA:2201,16
DA:2202,1
DA:2216,1
DA:2221,1
DA:2222,1
DA:2244,1
DA:2246,15
DA:2269,2
DA:2270,1
DA:2292,1
DA:2293,1
DA:2316,21
DA:2320,64
DA:2328,1
DA:2329,48
DA:2331,48
DA:2332,48
DA:2338,48
DA:2340,33
DA:2341,29
DA:2343,4
DA:2348,48
DA:2351,48
DA:2356,48
DA:2358,48
DA:2359,48
DA:2361,33
DA:2362,29
DA:2364,4
DA:2369,23
DA:2370,23
DA:2371,6
DA:2373,17
DA:2375,23
DA:2378,23
DA:2379,5
DA:2381,18
DA:2385,23
DA:2388,23
DA:2391,23
DA:2394,23
DA:2395,23
DA:2396,23
DA:2397,19
DA:2398,19
DA:2399,3
DA:2400,16
DA:2401,3
DA:2403,13
DA:2404,13
DA:2407,4
DA:2408,4
DA:2409,1
DA:2410,3
DA:2411,1
DA:2413,2
DA:2414,2
DA:2419,23
DA:2420,23
DA:2421,0
DA:2426,48
DA:2428,70
DA:2431,70
DA:2435,48
DA:2437,33
DA:2438,29
DA:2442,10
DA:2445,10
DA:2446,10
DA:2447,3
DA:2449,7
DA:2451,10
DA:2455,10
DA:2456,10
DA:2457,10
DA:2458,10
DA:2459,1
DA:2460,9
DA:2461,8
DA:2463,1
DA:2464,1
DA:2468,10
DA:2469,10
DA:2470,0
DA:2482,1
DA:2483,30
DA:2484,30
DA:2485,30
DA:2486,30
DA:2487,64
DA:2492,64
DA:2494,30
DA:2502,1
DA:2503,28
DA:2504,28
DA:2505,28
DA:2513,59
DA:2516,59
DA:2519,59
DA:2526,28
DA:2527,3
DA:2537,1
DA:2538,84
DA:2551,1
DA:2552,246
DA:2553,1
DA:2554,245
DA:2555,1
DA:2556,244
DA:2557,2
DA:2559,242
DA:2560,242
DA:2561,1
DA:2563,241
DA:2565,242
DA:2575,1
DA:2576,5
DA:2590,1
DA:2591,208
DA:2592,1
DA:2593,207
DA:2594,1
DA:2595,206
DA:2596,2
DA:2598,204
DA:2599,204
DA:2600,204
DA:2610,1
DA:2611,1
DA:2612,1
DA:2613,1
DA:2622,1
DA:2623,39
DA:2636,1
DA:2637,1
DA:2638,1
DA:2640,1
DA:2641,1
DA:2643,1
DA:2644,1
DA:2646,1
DA:2655,1
DA:2656,31
DA:2657,31
DA:2666,1
DA:2667,3
DA:2668,1
DA:2670,2
DA:2671,2
DA:2672,2
DA:2682,1
DA:2683,33
DA:2695,1
DA:2696,7
DA:2697,1
DA:2698,6
DA:2699,1
DA:2700,5
DA:2701,2
DA:2703,3
DA:2704,3
DA:2705,3
DA:2706,3
DA:2716,1
DA:2717,121
DA:2726,1
DA:2727,3
DA:2728,1
DA:2730,2
DA:2731,2
DA:2732,2
DA:2742,1
DA:2743,81
DA:2755,1
DA:2756,7
DA:2757,1
DA:2758,6
DA:2759,1
DA:2760,5
DA:2761,2
DA:2763,3
DA:2764,3
DA:2765,3
DA:2766,3
DA:2776,1
DA:2777,7
DA:2778,7
DA:2779,7
DA:2780,7
DA:2781,7
DA:2789,1
DA:2790,3
DA:2791,3
DA:2792,8
DA:2794,3
DA:2795,3
DA:2805,1
DA:2806,1
DA:2807,1
DA:2808,1
DA:2809,1
DA:2817,1
DA:2818,172
DA:2819,172
DA:2820,478
DA:2822,172
DA:2823,172
DA:2830,1
DA:2831,45
DA:2832,45
DA:2833,45
DA:2834,45
DA:2835,45
DA:2836,45
DA:2837,45
DA:2850,1
DA:2851,5
DA:2852,5
DA:2853,5
DA:2854,5
DA:2855,5
DA:2856,5
DA:2857,5
DA:2865,1
DA:2866,3
DA:2867,3
DA:2868,5
DA:2870,3
DA:2871,3
DA:2881,1
DA:2882,1
DA:2883,1
DA:2884,1
DA:2885,1
DA:2894,1
DA:2895,455
DA:2896,455
DA:2897,71
DA:2898,71
DA:2906,71
DA:2911,71
DA:2913,455
DA:2921,1
DA:2922,273
DA:2923,273
DA:2924,25
DA:2926,25
DA:2928,273
DA:2939,1
DA:2940,56
DA:2941,56
DA:2942,56
DA:2943,56
DA:2944,79
DA:2945,79
DA:2946,6
DA:2948,79
DA:2949,2
DA:2951,79
DA:2952,76
DA:2955,56
DA:2963,1
DA:2964,9
DA:2965,9
DA:2966,9
DA:2967,9
DA:2968,8
DA:2970,9
DA:2971,18
DA:2972,18
DA:2973,16
DA:2975,18
DA:2976,18
DA:2977,9
DA:2978,9
DA:2979,9
DA:2980,9
DA:2981,9
DA:2982,9
DA:2983,9
DA:2986,9
DA:2994,1
DA:2995,1
DA:2996,1
DA:2998,1
DA:3007,1
DA:3008,1
DA:3009,1
DA:3010,1
DA:3018,1
DA:3019,1
DA:3020,1
DA:3021,2
DA:3022,1
DA:3025,1
DA:3034,1
DA:3035,4
DA:3036,4
DA:3037,4
DA:3038,4
DA:3039,1
DA:3040,1
DA:3041,1
DA:3042,1
DA:3043,3
DA:3044,1
DA:3045,1
DA:3047,2
DA:3048,2
DA:3050,4
DA:3051,4
DA:3060,1
DA:3061,7
DA:3062,7
DA:3063,7
DA:3073,1
DA:3074,5
DA:3075,5
DA:3076,5
DA:3077,5
DA:3079,5
DA:3080,3
DA:3081,3
DA:3082,5
DA:3084,2
DA:3085,2
DA:3086,2
DA:3087,2
DA:3088,4
DA:3091,5
DA:3093,1
DA:3094,1
DA:3095,4
DA:3097,1
DA:3098,1
DA:3101,3
DA:3102,3
DA:3103,3
DA:3105,5
DA:3106,5
DA:3115,1
DA:3116,4
DA:3129,1
DA:3130,6
DA:3131,1
DA:3132,5
DA:3133,1
DA:3135,4
DA:3136,4
DA:3145,1
DA:3146,2
DA:3154,1
DA:3155,9
DA:3156,5
DA:3158,4
DA:3165,1
DA:3166,930
DA:3167,2
DA:3169,928
DA:3170,6
DA:3178,1
DA:3179,1
DA:3186,1
DA:3187,1
DA:3188,1
DA:3199,1
DA:3200,1
DA:3206,1
DA:3207,1
DA:3215,1
DA:3216,12
DA:3217,1
DA:3221,11
DA:3222,110
DA:3223,110
DA:3224,148
DA:3225,49
DA:3226,49
DA:3228,99
DA:3229,99
DA:3230,99
DA:3233,110
DA:3236,11
DA:3237,11
DA:3238,11
DA:3240,11
DA:3242,11
DA:3243,11
DA:3244,36
DA:3245,36
DA:3246,24
DA:3247,24
DA:3248,33
DA:3249,33
DA:3250,45
DA:3251,0
DA:3253,45
DA:3254,25
DA:3255,25
DA:3256,25
DA:3257,25
DA:3258,25
DA:3259,23
DA:3260,23
DA:3263,31
DA:3264,8
DA:3267,14
DA:3269,26
DA:3270,26
DA:3273,11
DA:3275,3
DA:3282,1
DA:3283,39
DA:3284,39
DA:3285,39
DA:3286,39
DA:3287,39
DA:3288,39
DA:3289,157
DA:3290,156
DA:3292,1
DA:3293,1
DA:3294,1
DA:3295,0
DA:3296,0
DA:3297,0
DA:3301,39
DA:3302,39
DA:3304,39
DA:3307,39
DA:3311,39
DA:3314,39
DA:3318,39
DA:3327,39
DA:3328,0
DA:3330,0
DA:3335,39
DA:3336,39
DA:3338,0
DA:3346,0
DA:3351,0
DA:3353,0
DA:3362,1
DA:3363,39
DA:3364,39
DA:3365,39
DA:3366,39
DA:3374,39
DA:3375,39
DA:3376,39
DA:3377,39
DA:3378,39
DA:3381,39
DA:3382,39
DA:3383,39
DA:3384,39
DA:3392,1
DA:3393,2
DA:3394,2
DA:3402,1
DA:3403,2
DA:3404,2
DA:3412,1
DA:3413,2
DA:3414,2
DA:3422,1
DA:3423,2
DA:3424,2
DA:3434,1
DA:3435,41
DA:3436,41
DA:3437,41
DA:3438,16
DA:3441,16
DA:3442,13
DA:3443,8
DA:3444,8
DA:3446,13
DA:3447,5
DA:3448,5
DA:3451,3
DA:3452,3
DA:3454,16
DA:3456,41
DA:3464,1
DA:3465,40
DA:3466,40
DA:3467,40
DA:3475,12
DA:3478,12
DA:3481,12
DA:3488,40
DA:3489,29
DA:3491,40
DA:3492,3
DA:3501,1
DA:3502,46
DA:3503,46
DA:3514,1
DA:3515,5
DA:3516,2
DA:3517,3
DA:3518,2
DA:3520,1
LF:1309
LH:1281
BRDA:275,1,0,3
BRDA:275,1,1,8
BRDA:275,2,0,11
BRDA:275,2,1,10
BRDA:291,3,0,4
BRDA:291,3,1,0
BRDA:307,4,0,2
BRDA:307,4,1,2
BRDA:307,5,0,4
BRDA:307,5,1,2
BRDA:314,6,0,2
BRDA:314,6,1,2
BRDA:314,7,0,4
BRDA:314,7,1,2
BRDA:325,8,0,2
BRDA:325,8,1,0
BRDA:332,9,0,2
BRDA:332,9,1,0
BRDA:422,10,0,7
BRDA:422,10,1,167
BRDA:425,11,0,28
BRDA:425,11,1,146
BRDA:428,12,0,22
BRDA:428,12,1,152
BRDA:431,13,0,28
BRDA:431,13,1,146
BRDA:434,14,0,170
BRDA:434,14,1,4
BRDA:478,15,0,232
BRDA:478,15,1,222
BRDA:479,16,0,4
BRDA:479,16,1,228
BRDA:479,17,0,232
BRDA:479,17,1,226
BRDA:483,18,0,3
BRDA:483,18,1,229
BRDA:483,19,0,232
BRDA:483,19,1,226
BRDA:510,20,0,222
BRDA:510,20,1,37
BRDA:537,21,0,1
BRDA:537,21,1,54
BRDA:575,22,0,1
BRDA:575,22,1,60
BRDA:587,23,0,23
BRDA:587,23,1,38
BRDA:588,24,0,25
BRDA:588,24,1,36
BRDA:598,25,0,0
BRDA:598,25,1,61
BRDA:598,26,0,61
BRDA:598,26,1,1
BRDA:598,26,2,0
BRDA:600,27,0,0
BRDA:600,27,1,61
BRDA:600,28,0,61
BRDA:600,28,1,0
BRDA:600,29,0,0
BRDA:600,29,1,0
BRDA:603,30,0,0
BRDA:603,30,1,61
BRDA:603,31,0,61
BRDA:603,31,1,0
BRDA:603,31,2,0
BRDA:605,32,0,0
BRDA:605,32,1,61
BRDA:605,33,0,61
BRDA:605,33,1,0
BRDA:605,34,0,0
BRDA:605,34,1,0
BRDA:608,35,0,9
BRDA:608,35,1,52
BRDA:608,36,0,61
BRDA:608,36,1,60
BRDA:608,36,2,28
BRDA:608,36,3,56
BRDA:608,36,4,55
BRDA:608,36,5,32
BRDA:613,37,0,0
BRDA:613,37,1,9
BRDA:617,38,0,0
BRDA:617,38,1,9
BRDA:617,39,0,9
BRDA:617,39,1,0
BRDA:617,40,0,0
BRDA:617,40,1,0
BRDA:620,41,0,0
BRDA:620,41,1,9
BRDA:627,42,0,1
BRDA:627,42,1,51
BRDA:627,43,0,52
BRDA:627,43,1,50
BRDA:627,43,2,1
BRDA:627,43,3,51
BRDA:627,43,4,49
BRDA:627,43,5,49
BRDA:631,44,0,0
BRDA:631,44,1,1
BRDA:634,45,0,0
BRDA:634,45,1,1
BRDA:641,46,0,0
BRDA:641,46,1,1
BRDA:641,47,0,1
BRDA:641,47,1,0
BRDA:641,48,0,0
BRDA:641,48,1,0
BRDA:646,49,0,1
BRDA:646,49,1,50
BRDA:646,50,0,51
BRDA:646,50,1,1
BRDA:646,50,2,1
BRDA:646,50,3,50
BRDA:646,50,4,0
BRDA:646,50,5,0
BRDA:655,51,0,0
BRDA:655,51,1,1
BRDA:655,52,0,1
BRDA:655,52,1,0
BRDA:655,53,0,0
BRDA:655,53,1,0
BRDA:665,54,0,1
BRDA:665,54,1,49
BRDA:665,55,0,50
BRDA:665,55,1,2
BRDA:665,55,2,1
BRDA:665,55,3,49
BRDA:665,55,4,1
BRDA:665,55,5,1
BRDA:679,56,0,0
BRDA:679,56,1,1
BRDA:679,57,0,1
BRDA:679,57,1,0
BRDA:679,58,0,0
BRDA:679,58,1,0
BRDA:722,59,0,26
BRDA:722,59,1,73
BRDA:803,60,0,21
BRDA:803,60,1,68
BRDA:818,61,0,124
BRDA:818,61,1,1196
BRDA:818,62,0,1320
BRDA:818,62,1,132
BRDA:874,63,0,80
BRDA:874,63,1,1100
BRDA:878,64,0,118
BRDA:878,64,1,1062
BRDA:932,65,0,24
BRDA:932,65,1,19
BRDA:981,66,0,12
BRDA:981,66,1,41
BRDA:1008,67,0,37
BRDA:1008,67,1,1
BRDA:1012,68,0,27
BRDA:1012,68,1,11
BRDA:1020,69,0,38
BRDA:1020,69,1,0
BRDA:1025,70,0,6
BRDA:1025,70,1,32
BRDA:1025,71,0,38
BRDA:1025,71,1,6
BRDA:1030,72,0,4
BRDA:1030,72,1,34
BRDA:1030,73,0,38
BRDA:1030,73,1,6
BRDA:1034,74,0,4
BRDA:1034,74,1,34
BRDA:1034,75,0,38
BRDA:1034,75,1,6
BRDA:1037,76,0,1
BRDA:1037,76,1,37
BRDA:1037,77,0,38
BRDA:1037,77,1,6
BRDA:1037,77,2,2
BRDA:1040,78,0,27
BRDA:1040,78,1,11
BRDA:1042,79,0,1
BRDA:1042,79,1,26
BRDA:1042,80,0,27
BRDA:1042,80,1,4
BRDA:1046,81,0,3
BRDA:1046,81,1,35
BRDA:1046,82,0,38
BRDA:1046,82,1,27
BRDA:1046,82,2,4
BRDA:1051,83,0,0
BRDA:1051,83,1,38
BRDA:1082,84,0,5
BRDA:1082,84,1,60
BRDA:1105,85,0,1
BRDA:1105,85,1,11
BRDA:1292,86,0,1
BRDA:1292,86,1,7
BRDA:1294,87,0,1
BRDA:1294,87,1,6
BRDA:1296,88,0,2
BRDA:1296,88,1,4
BRDA:1327,89,0,1
BRDA:1327,89,1,7
BRDA:1329,90,0,1
BRDA:1329,90,1,6
BRDA:1331,91,0,2
BRDA:1331,91,1,4
BRDA:1362,92,0,1
BRDA:1362,92,1,18
BRDA:1364,93,0,1
BRDA:1364,93,1,17
BRDA:1366,94,0,2
BRDA:1366,94,1,15
BRDA:1398,95,0,1
BRDA:1398,95,1,19
BRDA:1400,96,0,1
BRDA:1400,96,1,18
BRDA:1402,97,0,2
BRDA:1402,97,1,16
BRDA:1435,98,0,1
BRDA:1435,98,1,7
BRDA:1437,99,0,1
BRDA:1437,99,1,6
BRDA:1439,100,0,2
BRDA:1439,100,1,4
BRDA:1466,101,0,1
BRDA:1466,101,1,1
BRDA:1496,102,0,1
BRDA:1496,102,1,7
BRDA:1498,103,0,1
BRDA:1498,103,1,6
BRDA:1500,104,0,2
BRDA:1500,104,1,4
BRDA:1549,105,0,1
BRDA:1549,105,1,7
BRDA:1551,106,0,1
BRDA:1551,106,1,6
BRDA:1553,107,0,2
BRDA:1553,107,1,4
BRDA:1573,108,0,1
BRDA:1573,108,1,8
BRDA:1576,109,0,1
BRDA:1576,109,1,7
BRDA:1593,110,0,1
BRDA:1593,110,1,7
BRDA:1596,111,0,1
BRDA:1596,111,1,6
BRDA:1625,112,0,1
BRDA:1625,112,1,2
BRDA:1659,113,0,1
BRDA:1659,113,1,2
BRDA:1680,114,0,4
BRDA:1680,114,1,165
BRDA:1685,115,0,2
BRDA:1685,115,1,2
BRDA:1701,116,0,21
BRDA:1701,116,1,5
BRDA:1722,117,0,11
BRDA:1722,117,1,33
BRDA:1722,118,0,44
BRDA:1722,118,1,8
BRDA:1722,118,2,39
BRDA:1722,118,3,8
BRDA:1743,119,0,270
BRDA:1743,119,1,3
BRDA:1783,120,0,96
BRDA:1783,120,1,1
BRDA:1783,121,0,97
BRDA:1783,121,1,97
BRDA:1783,121,2,96
BRDA:1801,122,0,91
BRDA:1801,122,1,9
BRDA:1801,123,0,100
BRDA:1801,123,1,94
BRDA:1825,124,0,87
BRDA:1825,124,1,1
BRDA:1825,125,0,88
BRDA:1825,125,1,87
BRDA:1825,125,2,2
BRDA:1825,125,3,2
BRDA:1841,126,0,6
BRDA:1841,126,1,64
BRDA:1841,127,0,70
BRDA:1841,127,1,7
BRDA:1845,128,0,1
BRDA:1845,128,1,11
BRDA:1845,129,0,12
BRDA:1845,129,1,11
BRDA:1846,130,0,12
BRDA:1846,130,1,0
BRDA:1846,131,0,12
BRDA:1846,131,1,5
BRDA:1854,132,0,74
BRDA:1854,132,1,0
BRDA:1854,133,0,74
BRDA:1854,133,1,0
BRDA:1905,134,0,0
BRDA:1905,134,1,0
BRDA:1943,135,0,3
BRDA:1943,135,1,7
BRDA:1943,136,0,10
BRDA:1943,136,1,9
BRDA:1943,136,2,7
BRDA:1965,137,0,42
BRDA:1965,137,1,82
BRDA:1978,138,0,52
BRDA:1978,138,1,86
BRDA:1980,139,0,138
BRDA:1980,139,1,221
BRDA:1986,140,0,131
BRDA:1986,140,1,7
BRDA:1987,141,0,77
BRDA:1987,141,1,61
BRDA:1987,142,0,138
BRDA:1987,142,1,138
BRDA:1996,143,0,40
BRDA:1996,143,1,21
BRDA:2003,144,0,34
BRDA:2003,144,1,6
BRDA:2006,145,0,3
BRDA:2006,145,1,3
BRDA:2009,146,0,3
BRDA:2009,146,1,0
BRDA:2021,147,0,0
BRDA:2021,147,1,40
BRDA:2021,148,0,40
BRDA:2021,148,1,27
BRDA:2021,148,2,1
BRDA:2035,149,0,1
BRDA:2035,149,1,39
BRDA:2035,150,0,40
BRDA:2035,150,1,13
BRDA:2035,150,2,1
BRDA:2058,151,0,21
BRDA:2058,151,1,0
BRDA:2065,152,0,19
BRDA:2065,152,1,2
BRDA:2066,153,0,0
BRDA:2066,153,1,19
BRDA:2067,154,0,2
BRDA:2067,154,1,17
BRDA:2069,155,0,1
BRDA:2069,155,1,18
BRDA:2069,156,0,19
BRDA:2069,156,1,15
BRDA:2069,156,2,3
BRDA:2113,157,0,1
BRDA:2113,157,1,17
BRDA:2113,158,0,18
BRDA:2113,158,1,4
BRDA:2113,158,2,2
BRDA:2157,159,0,1
BRDA:2157,159,1,16
BRDA:2157,160,0,17
BRDA:2157,160,1,14
BRDA:2157,160,2,12
BRDA:2201,161,0,1
BRDA:2201,161,1,15
BRDA:2201,162,0,16
BRDA:2201,162,1,3
BRDA:2201,162,2,2
BRDA:2269,163,0,1
BRDA:2269,163,1,1
BRDA:2292,164,0,1
BRDA:2292,164,1,0
BRDA:2340,165,0,29
BRDA:2340,165,1,4
BRDA:2361,166,0,29
BRDA:2361,166,1,4
BRDA:2362,167,0,29
BRDA:2362,167,1,19
BRDA:2362,167,2,19
BRDA:2370,168,0,6
BRDA:2370,168,1,17
BRDA:2378,169,0,5
BRDA:2378,169,1,18
BRDA:2396,170,0,19
BRDA:2396,170,1,4
BRDA:2398,171,0,3
BRDA:2398,171,1,16
BRDA:2400,172,0,3
BRDA:2400,172,1,13
BRDA:2408,173,0,1
BRDA:2408,173,1,3
BRDA:2410,174,0,1
BRDA:2410,174,1,2
BRDA:2420,175,0,0
BRDA:2420,175,1,23
BRDA:2437,176,0,29
BRDA:2437,176,1,4
BRDA:2438,177,0,29
BRDA:2438,177,1,10
BRDA:2438,177,2,10
BRDA:2446,178,0,3
BRDA:2446,178,1,7
BRDA:2458,179,0,1
BRDA:2458,179,1,9
BRDA:2460,180,0,8
BRDA:2460,180,1,1
BRDA:2469,181,0,0
BRDA:2469,181,1,10
BRDA:2526,182,0,3
BRDA:2526,182,1,25
BRDA:2526,183,0,28
BRDA:2526,183,1,4
BRDA:2552,184,0,1
BRDA:2552,184,1,245
BRDA:2554,185,0,1
BRDA:2554,185,1,244
BRDA:2556,186,0,2
BRDA:2556,186,1,242
BRDA:2560,187,0,1
BRDA:2560,187,1,241
BRDA:2591,188,0,1
BRDA:2591,188,1,207
BRDA:2593,189,0,1
BRDA:2593,189,1,206
BRDA:2595,190,0,2
BRDA:2595,190,1,204
BRDA:2637,191,0,1
BRDA:2637,191,1,0
BRDA:2640,192,0,1
BRDA:2640,192,1,0
BRDA:2643,193,0,1
BRDA:2643,193,1,0
BRDA:2667,194,0,1
BRDA:2667,194,1,2
BRDA:2696,195,0,1
BRDA:2696,195,1,6
BRDA:2698,196,0,1
BRDA:2698,196,1,5
BRDA:2700,197,0,2
BRDA:2700,197,1,3
BRDA:2727,198,0,1
BRDA:2727,198,1,2
BRDA:2756,199,0,1
BRDA:2756,199,1,6
BRDA:2758,200,0,1
BRDA:2758,200,1,5
BRDA:2760,201,0,2
BRDA:2760,201,1,3
BRDA:2896,202,0,71
BRDA:2896,202,1,384
BRDA:2923,203,0,25
BRDA:2923,203,1,248
BRDA:2942,204,0,1
BRDA:2942,204,1,55
BRDA:2945,205,0,6
BRDA:2945,205,1,73
BRDA:2945,206,0,79
BRDA:2945,206,1,75
BRDA:2948,207,0,2
BRDA:2948,207,1,77
BRDA:2948,208,0,79
BRDA:2948,208,1,79
BRDA:2951,209,0,76
BRDA:2951,209,1,3
BRDA:2967,210,0,8
BRDA:2967,210,1,1
BRDA:2972,211,0,16
BRDA:2972,211,1,2
BRDA:2976,212,0,9
BRDA:2976,212,1,9
BRDA:2976,213,0,18
BRDA:2976,213,1,17
BRDA:2978,214,0,9
BRDA:2978,214,1,9
BRDA:2979,215,0,9
BRDA:2979,215,1,8
BRDA:2995,216,0,1
BRDA:2995,216,1,0
BRDA:3021,217,0,1
BRDA:3021,217,1,1
BRDA:3038,218,0,1
BRDA:3038,218,1,3
BRDA:3038,219,0,4
BRDA:3038,219,1,1
BRDA:3038,219,2,1
BRDA:3038,219,3,3
BRDA:3038,219,4,3
BRDA:3038,219,5,3
BRDA:3043,220,0,1
BRDA:3043,220,1,2
BRDA:3043,221,0,3
BRDA:3043,221,1,1
BRDA:3079,222,0,3
BRDA:3079,222,1,2
BRDA:3084,223,0,2
BRDA:3084,223,1,0
BRDA:3086,224,0,0
BRDA:3086,224,1,2
BRDA:3088,225,0,1
BRDA:3088,225,1,3
BRDA:3091,226,0,1
BRDA:3091,226,1,4
BRDA:3091,227,0,5
BRDA:3091,227,1,3
BRDA:3095,228,0,1
BRDA:3095,228,1,3
BRDA:3095,229,0,4
BRDA:3095,229,1,2
BRDA:3130,230,0,1
BRDA:3130,230,1,5
BRDA:3132,231,0,1
BRDA:3132,231,1,4
BRDA:3155,232,0,5
BRDA:3155,232,1,4
BRDA:3166,233,0,2
BRDA:3166,233,1,928
BRDA:3216,234,0,1
BRDA:3216,234,1,11
BRDA:3224,235,0,49
BRDA:3224,235,1,99
BRDA:3245,236,0,24
BRDA:3245,236,1,12
BRDA:3250,237,0,0
BRDA:3250,237,1,45
BRDA:3253,238,0,25
BRDA:3253,238,1,20
BRDA:3263,239,0,8
BRDA:3263,239,1,23
BRDA:3289,240,0,156
BRDA:3289,240,1,1
BRDA:3292,241,0,1
BRDA:3292,241,1,0
BRDA:3295,242,0,0
BRDA:3295,242,1,0
BRDA:3335,243,0,39
BRDA:3335,243,1,0
BRDA:3441,244,0,13
BRDA:3441,244,1,3
BRDA:3442,245,0,8
BRDA:3442,245,1,5
BRDA:3442,246,0,13
BRDA:3442,246,1,8
BRDA:3442,246,2,8
BRDA:3442,246,3,0
BRDA:3446,247,0,5
BRDA:3446,247,1,8
BRDA:3446,248,0,13
BRDA:3446,248,1,5
BRDA:3446,248,2,5
BRDA:3446,248,3,0
BRDA:3488,249,0,29
BRDA:3488,249,1,11
BRDA:3488,250,0,40
BRDA:3488,250,1,40
BRDA:3491,251,0,3
BRDA:3491,251,1,37
BRDA:3491,252,0,40
BRDA:3491,252,1,40
BRDA:3491,252,2,29
BRDA:3491,252,3,4
BRDA:3515,253,0,2
BRDA:3515,253,1,3
BRDA:3515,254,0,5
BRDA:3515,254,1,5
BRDA:3517,255,0,2
BRDA:3517,255,1,1
BRDA:3517,256,0,3
BRDA:3517,256,1,2
BRF:556
BRH:491
end_of_record
